nohup: ignoring input
Error: Cannot delete qdisc with handle of zero.
file_name=/root/zqz/mpc_projects/data/CFIX_1row.json
file_name=/root/zqz/mpc_projects/data/CFIY1024.json
output_file_name=./out.csv0
output_file_name=./out.csv1
server_ids.size()=832670
data.size()=340562030
1.0*data.size()/server_ids.size()=409
batch_id=0
recvSet.size()=1024
batch_id=1
recvSet.size()=1024
batch_id=2
recvSet.size()=1024
batch_id=3
recvSet.size()=1024
mem_usage of party1 = 3379.9MB
party1 send 3.98202MB
party1 receive 10696.9MB
running time of party1 = 2625.21s
mem_usage of party0 = 16000.1MB
party0 send 10696.9MB
party0 receive 3.98202MB
running time of party0 = 2625.39s
