nohup: ignoring input
Error: Cannot delete qdisc with handle of zero.
---------------------------------------------------------------
----------------------------CFI-----------------------------------
/root/zqz/mpc_projects/data/CFIX_1row.json,0,./CFI.out0
/root/zqz/mpc_projects/data/CFIY1024.json,1,./CFI.out1
file_name=/root/zqz/mpc_projects/data/CFIX_1row.json
file_name=/root/zqz/mpc_projects/data/CFIY1024.json
server_ids.size()=832670
data.size()=339729360
1.0*data.size()/server_ids.size()=408
/root/zqz/volepsi/paper_exp_volepsi/cpsi_test.cpp:358
/root/zqz/volepsi/volePSI/RsOpprf.cpp:428
/root/zqz/volepsi/volePSI/RsCpsi.cpp:128
/root/zqz/volepsi/volePSI/RsOpprf.cpp:292
/root/zqz/volepsi/volePSI/RsOpprf.cpp:303
/root/zqz/volepsi/volePSI/RsOpprf.cpp:306
/root/zqz/volepsi/volePSI/RsOpprf.cpp:312
/root/zqz/volepsi/volePSI/RsOpprf.cpp:433
/root/zqz/volepsi/volePSI/RsOpprf.cpp:457
/root/zqz/volepsi/volePSI/RsOpprf.cpp:460
/root/zqz/volepsi/volePSI/RsOpprf.cpp:462
/root/zqz/volepsi/volePSI/RsOpprf.cpp:210
/root/zqz/volepsi/volePSI/RsOpprf.cpp:213
/root/zqz/volepsi/volePSI/RsOpprf.cpp:314
/root/zqz/volepsi/volePSI/RsOpprf.cpp:327
/root/zqz/volepsi/volePSI/RsOpprf.cpp:348
/root/zqz/volepsi/volePSI/RsOpprf.cpp:354
/root/zqz/volepsi/volePSI/RsOpprf.cpp:356
/root/zqz/volepsi/volePSI/RsOpprf.cpp:363
/root/zqz/volepsi/volePSI/RsOpprf.cpp:365
/root/zqz/volepsi/volePSI/RsOpprf.cpp:99
/root/zqz/volepsi/volePSI/RsOpprf.cpp:101
/root/zqz/volepsi/volePSI/RsOpprf.cpp:110
/root/zqz/volepsi/volePSI/RsOpprf.cpp:114
/root/zqz/volepsi/volePSI/RsOpprf.cpp:101
/root/zqz/volepsi/volePSI/RsOpprf.cpp:110
/root/zqz/volepsi/volePSI/RsOpprf.cpp:114
/root/zqz/volepsi/volePSI/RsOpprf.cpp:101
/root/zqz/volepsi/volePSI/RsOpprf.cpp:110
/root/zqz/volepsi/volePSI/RsOpprf.cpp:114
/root/zqz/volepsi/volePSI/RsOpprf.cpp:101
/root/zqz/volepsi/volePSI/RsOpprf.cpp:110
/root/zqz/volepsi/volePSI/RsOpprf.cpp:114
/root/zqz/volepsi/volePSI/RsOpprf.cpp:101
/root/zqz/volepsi/volePSI/RsOpprf.cpp:110
/root/zqz/volepsi/volePSI/RsOpprf.cpp:114
/root/zqz/volepsi/volePSI/RsOpprf.cpp:101
/root/zqz/volepsi/volePSI/RsOpprf.cpp:110
/root/zqz/volepsi/volePSI/RsOpprf.cpp:114
/root/zqz/volepsi/volePSI/RsOpprf.cpp:101
/root/zqz/volepsi/volePSI/RsOpprf.cpp:110
/root/zqz/volepsi/volePSI/RsOpprf.cpp:114
/root/zqz/volepsi/volePSI/RsOpprf.cpp:101
/root/zqz/volepsi/volePSI/RsOpprf.cpp:110
/root/zqz/volepsi/volePSI/RsOpprf.cpp:114
/root/zqz/volepsi/volePSI/RsOpprf.cpp:101
/root/zqz/volepsi/volePSI/RsOpprf.cpp:110
/root/zqz/volepsi/volePSI/RsOpprf.cpp:114
/root/zqz/volepsi/volePSI/RsOpprf.cpp:101
/root/zqz/volepsi/volePSI/RsOpprf.cpp:110
/root/zqz/volepsi/volePSI/RsOpprf.cpp:114
/root/zqz/volepsi/volePSI/RsOpprf.cpp:101
/root/zqz/volepsi/volePSI/RsOpprf.cpp:110
/root/zqz/volepsi/volePSI/RsOpprf.cpp:114
/root/zqz/volepsi/volePSI/RsOpprf.cpp:101
/root/zqz/volepsi/volePSI/RsOpprf.cpp:110
/root/zqz/volepsi/volePSI/RsOpprf.cpp:114
/root/zqz/volepsi/volePSI/RsOpprf.cpp:101
/root/zqz/volepsi/volePSI/RsOpprf.cpp:110
/root/zqz/volepsi/volePSI/RsOpprf.cpp:114
/root/zqz/volepsi/volePSI/RsOpprf.cpp:101
/root/zqz/volepsi/volePSI/RsOpprf.cpp:110
/root/zqz/volepsi/volePSI/RsOpprf.cpp:114
/root/zqz/volepsi/volePSI/RsOpprf.cpp:101
/root/zqz/volepsi/volePSI/RsOpprf.cpp:110
/root/zqz/volepsi/volePSI/RsOpprf.cpp:114
/root/zqz/volepsi/volePSI/RsOpprf.cpp:101
/root/zqz/volepsi/volePSI/RsOpprf.cpp:110
/root/zqz/volepsi/volePSI/RsOpprf.cpp:114
/root/zqz/volepsi/volePSI/RsOpprf.cpp:101
/root/zqz/volepsi/volePSI/RsOpprf.cpp:110
/root/zqz/volepsi/volePSI/RsOpprf.cpp:114
/root/zqz/volepsi/volePSI/RsOpprf.cpp:101
/root/zqz/volepsi/volePSI/RsOpprf.cpp:110
/root/zqz/volepsi/volePSI/RsOpprf.cpp:114
/root/zqz/volepsi/volePSI/RsOpprf.cpp:101
/root/zqz/volepsi/volePSI/RsOpprf.cpp:110
/root/zqz/volepsi/volePSI/RsOpprf.cpp:114
/root/zqz/volepsi/volePSI/RsOpprf.cpp:101
/root/zqz/volepsi/volePSI/RsOpprf.cpp:110
/root/zqz/volepsi/volePSI/RsOpprf.cpp:114
/root/zqz/volepsi/volePSI/RsOpprf.cpp:101
/root/zqz/volepsi/volePSI/RsOpprf.cpp:110
/root/zqz/volepsi/volePSI/RsOpprf.cpp:114
/root/zqz/volepsi/volePSI/RsOpprf.cpp:101
/root/zqz/volepsi/volePSI/RsOpprf.cpp:110
/root/zqz/volepsi/volePSI/RsOpprf.cpp:114
/root/zqz/volepsi/volePSI/RsOpprf.cpp:101
/root/zqz/volepsi/volePSI/RsOpprf.cpp:110
/root/zqz/volepsi/volePSI/RsOpprf.cpp:114
/root/zqz/volepsi/volePSI/RsOpprf.cpp:101
/root/zqz/volepsi/volePSI/RsOpprf.cpp:110
/root/zqz/volepsi/volePSI/RsOpprf.cpp:114
/root/zqz/volepsi/volePSI/RsOpprf.cpp:101
/root/zqz/volepsi/volePSI/RsOpprf.cpp:110
/root/zqz/volepsi/volePSI/RsOpprf.cpp:114
/root/zqz/volepsi/volePSI/RsOpprf.cpp:101
/root/zqz/volepsi/volePSI/RsOpprf.cpp:110
/root/zqz/volepsi/volePSI/RsOpprf.cpp:114
/root/zqz/volepsi/volePSI/RsOpprf.cpp:101
/root/zqz/volepsi/volePSI/RsOpprf.cpp:110
/root/zqz/volepsi/volePSI/RsOpprf.cpp:114
/root/zqz/volepsi/volePSI/RsOpprf.cpp:101
/root/zqz/volepsi/volePSI/RsOpprf.cpp:110
/root/zqz/volepsi/volePSI/RsOpprf.cpp:114
/root/zqz/volepsi/volePSI/RsOpprf.cpp:101
/root/zqz/volepsi/volePSI/RsOpprf.cpp:110
/root/zqz/volepsi/volePSI/RsOpprf.cpp:114
/root/zqz/volepsi/volePSI/RsOpprf.cpp:101
/root/zqz/volepsi/volePSI/RsOpprf.cpp:110
/root/zqz/volepsi/volePSI/RsOpprf.cpp:114
/root/zqz/volepsi/volePSI/RsOpprf.cpp:101
/root/zqz/volepsi/volePSI/RsOpprf.cpp:110
/root/zqz/volepsi/volePSI/RsOpprf.cpp:114
/root/zqz/volepsi/volePSI/RsOpprf.cpp:101
/root/zqz/volepsi/volePSI/RsOpprf.cpp:110
/root/zqz/volepsi/volePSI/RsOpprf.cpp:114
/root/zqz/volepsi/volePSI/RsOpprf.cpp:101
/root/zqz/volepsi/volePSI/RsOpprf.cpp:110
/root/zqz/volepsi/volePSI/RsOpprf.cpp:114
/root/zqz/volepsi/volePSI/RsOpprf.cpp:101
/root/zqz/volepsi/volePSI/RsOpprf.cpp:110
/root/zqz/volepsi/volePSI/RsOpprf.cpp:114
/root/zqz/volepsi/volePSI/RsOpprf.cpp:101
/root/zqz/volepsi/volePSI/RsOpprf.cpp:110
/root/zqz/volepsi/volePSI/RsOpprf.cpp:114
/root/zqz/volepsi/volePSI/RsOpprf.cpp:101
/root/zqz/volepsi/volePSI/RsOpprf.cpp:110
/root/zqz/volepsi/volePSI/RsOpprf.cpp:114
/root/zqz/volepsi/volePSI/RsOpprf.cpp:101
/root/zqz/volepsi/volePSI/RsOpprf.cpp:110
/root/zqz/volepsi/volePSI/RsOpprf.cpp:114
/root/zqz/volepsi/volePSI/RsOpprf.cpp:101
/root/zqz/volepsi/volePSI/RsOpprf.cpp:110
/root/zqz/volepsi/volePSI/RsOpprf.cpp:114
/root/zqz/volepsi/volePSI/RsOpprf.cpp:101
/root/zqz/volepsi/volePSI/RsOpprf.cpp:110
/root/zqz/volepsi/volePSI/RsOpprf.cpp:114
/root/zqz/volepsi/volePSI/RsOpprf.cpp:101
/root/zqz/volepsi/volePSI/RsOpprf.cpp:110
/root/zqz/volepsi/volePSI/RsOpprf.cpp:114
/root/zqz/volepsi/volePSI/RsOpprf.cpp:101
/root/zqz/volepsi/volePSI/RsOpprf.cpp:110
/root/zqz/volepsi/volePSI/RsOpprf.cpp:114
/root/zqz/volepsi/volePSI/RsOpprf.cpp:101
/root/zqz/volepsi/volePSI/RsOpprf.cpp:110
/root/zqz/volepsi/volePSI/RsOpprf.cpp:114
/root/zqz/volepsi/volePSI/RsOpprf.cpp:116
/root/zqz/volepsi/volePSI/RsOpprf.cpp:367
/root/zqz/volepsi/volePSI/RsCpsi.cpp:130
/root/zqz/volepsi/volePSI/RsOpprf.cpp:223
/root/zqz/volepsi/volePSI/RsOpprf.cpp:213
/root/zqz/volepsi/volePSI/RsOpprf.cpp:223
/root/zqz/volepsi/volePSI/RsOpprf.cpp:213
/root/zqz/volepsi/volePSI/RsOpprf.cpp:223
/root/zqz/volepsi/volePSI/RsOpprf.cpp:213
/root/zqz/volepsi/volePSI/RsOpprf.cpp:223
/root/zqz/volepsi/volePSI/RsOpprf.cpp:213
/root/zqz/volepsi/volePSI/RsOpprf.cpp:223
/root/zqz/volepsi/volePSI/RsOpprf.cpp:213
/root/zqz/volepsi/volePSI/RsOpprf.cpp:223
/root/zqz/volepsi/volePSI/RsOpprf.cpp:213
/root/zqz/volepsi/volePSI/RsOpprf.cpp:223
/root/zqz/volepsi/volePSI/RsOpprf.cpp:213
/root/zqz/volepsi/volePSI/RsOpprf.cpp:223
/root/zqz/volepsi/volePSI/RsOpprf.cpp:213
/root/zqz/volepsi/volePSI/RsOpprf.cpp:223
/root/zqz/volepsi/volePSI/RsOpprf.cpp:213
/root/zqz/volepsi/volePSI/RsOpprf.cpp:223
/root/zqz/volepsi/volePSI/RsOpprf.cpp:213
/root/zqz/volepsi/volePSI/RsOpprf.cpp:223
/root/zqz/volepsi/volePSI/RsOpprf.cpp:213
/root/zqz/volepsi/volePSI/RsOpprf.cpp:223
/root/zqz/volepsi/volePSI/RsOpprf.cpp:213
/root/zqz/volepsi/volePSI/RsOpprf.cpp:223
/root/zqz/volepsi/volePSI/RsOpprf.cpp:213
/root/zqz/volepsi/volePSI/RsOpprf.cpp:223
/root/zqz/volepsi/volePSI/RsOpprf.cpp:213
/root/zqz/volepsi/volePSI/RsOpprf.cpp:223
/root/zqz/volepsi/volePSI/RsOpprf.cpp:213
/root/zqz/volepsi/volePSI/RsOpprf.cpp:223
/root/zqz/volepsi/volePSI/RsOpprf.cpp:213
/root/zqz/volepsi/volePSI/RsOpprf.cpp:223
/root/zqz/volepsi/volePSI/RsOpprf.cpp:213
/root/zqz/volepsi/volePSI/RsOpprf.cpp:223
/root/zqz/volepsi/volePSI/RsOpprf.cpp:213
/root/zqz/volepsi/volePSI/RsOpprf.cpp:223
/root/zqz/volepsi/volePSI/RsOpprf.cpp:213
/root/zqz/volepsi/volePSI/RsOpprf.cpp:223
/root/zqz/volepsi/volePSI/RsOpprf.cpp:213
/root/zqz/volepsi/volePSI/RsOpprf.cpp:223
/root/zqz/volepsi/volePSI/RsOpprf.cpp:213
/root/zqz/volepsi/volePSI/RsOpprf.cpp:223
/root/zqz/volepsi/volePSI/RsOpprf.cpp:213
/root/zqz/volepsi/volePSI/RsOpprf.cpp:223
/root/zqz/volepsi/volePSI/RsOpprf.cpp:213
/root/zqz/volepsi/volePSI/RsOpprf.cpp:223
/root/zqz/volepsi/volePSI/RsOpprf.cpp:213
/root/zqz/volepsi/volePSI/RsOpprf.cpp:223
/root/zqz/volepsi/volePSI/RsOpprf.cpp:213
/root/zqz/volepsi/volePSI/RsOpprf.cpp:223
/root/zqz/volepsi/volePSI/RsOpprf.cpp:213
/root/zqz/volepsi/volePSI/RsOpprf.cpp:223
/root/zqz/volepsi/volePSI/RsOpprf.cpp:213
/root/zqz/volepsi/volePSI/RsOpprf.cpp:223
/root/zqz/volepsi/volePSI/RsOpprf.cpp:213
/root/zqz/volepsi/volePSI/RsOpprf.cpp:223
/root/zqz/volepsi/volePSI/RsOpprf.cpp:213
/root/zqz/volepsi/volePSI/RsOpprf.cpp:223
/root/zqz/volepsi/volePSI/RsOpprf.cpp:213
/root/zqz/volepsi/volePSI/RsOpprf.cpp:223
/root/zqz/volepsi/volePSI/RsOpprf.cpp:213
/root/zqz/volepsi/volePSI/RsOpprf.cpp:223
/root/zqz/volepsi/volePSI/RsOpprf.cpp:213
/root/zqz/volepsi/volePSI/RsOpprf.cpp:223
/root/zqz/volepsi/volePSI/RsOpprf.cpp:213
/root/zqz/volepsi/volePSI/RsOpprf.cpp:223
/root/zqz/volepsi/volePSI/RsOpprf.cpp:213
/root/zqz/volepsi/volePSI/RsOpprf.cpp:223
/root/zqz/volepsi/volePSI/RsOpprf.cpp:213
/root/zqz/volepsi/volePSI/RsOpprf.cpp:223
/root/zqz/volepsi/volePSI/RsOpprf.cpp:213
/root/zqz/volepsi/volePSI/RsOpprf.cpp:223
/root/zqz/volepsi/volePSI/RsOpprf.cpp:213
/root/zqz/volepsi/volePSI/RsOpprf.cpp:223
/root/zqz/volepsi/volePSI/RsOpprf.cpp:213
/root/zqz/volepsi/volePSI/RsOpprf.cpp:223
/root/zqz/volepsi/volePSI/RsOpprf.cpp:213
/root/zqz/volepsi/volePSI/RsOpprf.cpp:223
/root/zqz/volepsi/volePSI/RsOpprf.cpp:213
/root/zqz/volepsi/volePSI/RsOpprf.cpp:223
/root/zqz/volepsi/volePSI/RsOpprf.cpp:213
/root/zqz/volepsi/volePSI/RsOpprf.cpp:223
/root/zqz/volepsi/paper_exp_volepsi/cpsi_test.cpp:415
recvSet.size()=1024
Data has been written to ./CFI.out1
mem_usage of party1 = 10713MB
party1 send 0.648999MB
party1 receive 10698.3MB
running time of party1 = 2526.53s
Data has been written to ./CFI.out0
mem_usage of party0 = 39528MB
party0 send 10698.3MB
party0 receive 0.648999MB
running time of party0 = 2527.8s
---------------------------------------------------------------
----------------------------SVHN-----------------------------------
/root/zqz/mpc_projects/data/SVHNX_1row.json,0,./SVHN.out0
/root/zqz/mpc_projects/data/SVHNY1024.json,1,./SVHN.out1
file_name=/root/zqz/mpc_projects/data/SVHNX_1row.json
file_name=/root/zqz/mpc_projects/data/SVHNY1024.json
server_ids.size()=630420
data.size()=1936650240
1.0*data.size()/server_ids.size()=3072
/root/zqz/volepsi/paper_exp_volepsi/cpsi_test.cpp:358
/root/zqz/volepsi/volePSI/RsOpprf.cpp:428
/root/zqz/volepsi/volePSI/RsCpsi.cpp:128
/root/zqz/volepsi/volePSI/RsOpprf.cpp:292
/root/zqz/volepsi/volePSI/RsOpprf.cpp:303
/root/zqz/volepsi/volePSI/RsOpprf.cpp:306
/root/zqz/volepsi/volePSI/RsOpprf.cpp:312
/root/zqz/volepsi/volePSI/RsOpprf.cpp:433
/root/zqz/volepsi/volePSI/RsOpprf.cpp:457
/root/zqz/volepsi/volePSI/RsOpprf.cpp:460
/root/zqz/volepsi/volePSI/RsOpprf.cpp:462
/root/zqz/volepsi/volePSI/RsOpprf.cpp:210
/root/zqz/volepsi/volePSI/RsOpprf.cpp:213
/root/zqz/volepsi/volePSI/RsOpprf.cpp:314
/root/zqz/volepsi/volePSI/RsOpprf.cpp:327
/root/zqz/volepsi/volePSI/RsOpprf.cpp:348
/root/zqz/volepsi/volePSI/RsOpprf.cpp:354
/root/zqz/volepsi/volePSI/RsOpprf.cpp:356
/root/zqz/volepsi/volePSI/RsOpprf.cpp:363
/root/zqz/volepsi/volePSI/RsOpprf.cpp:365
/root/zqz/volepsi/volePSI/RsOpprf.cpp:99
/root/zqz/volepsi/volePSI/RsOpprf.cpp:101
/root/zqz/volepsi/volePSI/RsOpprf.cpp:110
/root/zqz/volepsi/volePSI/RsOpprf.cpp:114
/root/zqz/volepsi/volePSI/RsOpprf.cpp:101
/root/zqz/volepsi/volePSI/RsOpprf.cpp:110
/root/zqz/volepsi/volePSI/RsOpprf.cpp:114
/root/zqz/volepsi/volePSI/RsOpprf.cpp:101
/root/zqz/volepsi/volePSI/RsOpprf.cpp:110
/root/zqz/volepsi/volePSI/RsOpprf.cpp:114
/root/zqz/volepsi/volePSI/RsOpprf.cpp:101
/root/zqz/volepsi/volePSI/RsOpprf.cpp:110
/root/zqz/volepsi/volePSI/RsOpprf.cpp:114
/root/zqz/volepsi/volePSI/RsOpprf.cpp:101
/root/zqz/volepsi/volePSI/RsOpprf.cpp:110
/root/zqz/volepsi/volePSI/RsOpprf.cpp:114
/root/zqz/volepsi/volePSI/RsOpprf.cpp:101
/root/zqz/volepsi/volePSI/RsOpprf.cpp:110
/root/zqz/volepsi/volePSI/RsOpprf.cpp:114
/root/zqz/volepsi/volePSI/RsOpprf.cpp:101
/root/zqz/volepsi/volePSI/RsOpprf.cpp:110
/root/zqz/volepsi/volePSI/RsOpprf.cpp:114
/root/zqz/volepsi/volePSI/RsOpprf.cpp:101
/root/zqz/volepsi/volePSI/RsOpprf.cpp:110
/root/zqz/volepsi/volePSI/RsOpprf.cpp:114
/root/zqz/volepsi/volePSI/RsOpprf.cpp:101
/root/zqz/volepsi/volePSI/RsOpprf.cpp:110
/root/zqz/volepsi/volePSI/RsOpprf.cpp:114
/root/zqz/volepsi/volePSI/RsOpprf.cpp:101
/root/zqz/volepsi/volePSI/RsOpprf.cpp:110
/root/zqz/volepsi/volePSI/RsOpprf.cpp:114
/root/zqz/volepsi/volePSI/RsOpprf.cpp:101
/root/zqz/volepsi/volePSI/RsOpprf.cpp:110
/root/zqz/volepsi/volePSI/RsOpprf.cpp:114
/root/zqz/volepsi/volePSI/RsOpprf.cpp:101
/root/zqz/volepsi/volePSI/RsOpprf.cpp:110
/root/zqz/volepsi/volePSI/RsOpprf.cpp:114
/root/zqz/volepsi/volePSI/RsOpprf.cpp:101
/root/zqz/volepsi/volePSI/RsOpprf.cpp:110
/root/zqz/volepsi/volePSI/RsOpprf.cpp:114
/root/zqz/volepsi/volePSI/RsOpprf.cpp:101
/root/zqz/volepsi/volePSI/RsOpprf.cpp:110
/root/zqz/volepsi/volePSI/RsOpprf.cpp:114
/root/zqz/volepsi/volePSI/RsOpprf.cpp:101
/root/zqz/volepsi/volePSI/RsOpprf.cpp:110
/root/zqz/volepsi/volePSI/RsOpprf.cpp:114
/root/zqz/volepsi/volePSI/RsOpprf.cpp:101
/root/zqz/volepsi/volePSI/RsOpprf.cpp:110
/root/zqz/volepsi/volePSI/RsOpprf.cpp:114
/root/zqz/volepsi/volePSI/RsOpprf.cpp:101
/root/zqz/volepsi/volePSI/RsOpprf.cpp:110
/root/zqz/volepsi/volePSI/RsOpprf.cpp:114
/root/zqz/volepsi/volePSI/RsOpprf.cpp:101
/root/zqz/volepsi/volePSI/RsOpprf.cpp:110
/root/zqz/volepsi/volePSI/RsOpprf.cpp:114
/root/zqz/volepsi/volePSI/RsOpprf.cpp:101
/root/zqz/volepsi/volePSI/RsOpprf.cpp:110
/root/zqz/volepsi/volePSI/RsOpprf.cpp:114
/root/zqz/volepsi/volePSI/RsOpprf.cpp:101
/root/zqz/volepsi/volePSI/RsOpprf.cpp:110
/root/zqz/volepsi/volePSI/RsOpprf.cpp:114
/root/zqz/volepsi/volePSI/RsOpprf.cpp:101
/root/zqz/volepsi/volePSI/RsOpprf.cpp:110
/root/zqz/volepsi/volePSI/RsOpprf.cpp:114
/root/zqz/volepsi/volePSI/RsOpprf.cpp:101
/root/zqz/volepsi/volePSI/RsOpprf.cpp:110
/root/zqz/volepsi/volePSI/RsOpprf.cpp:114
/root/zqz/volepsi/volePSI/RsOpprf.cpp:101
/root/zqz/volepsi/volePSI/RsOpprf.cpp:110
/root/zqz/volepsi/volePSI/RsOpprf.cpp:114
/root/zqz/volepsi/volePSI/RsOpprf.cpp:101
/root/zqz/volepsi/volePSI/RsOpprf.cpp:110
/root/zqz/volepsi/volePSI/RsOpprf.cpp:114
/root/zqz/volepsi/volePSI/RsOpprf.cpp:101
/root/zqz/volepsi/volePSI/RsOpprf.cpp:110
/root/zqz/volepsi/volePSI/RsOpprf.cpp:114
/root/zqz/volepsi/volePSI/RsOpprf.cpp:101
/root/zqz/volepsi/volePSI/RsOpprf.cpp:110
/root/zqz/volepsi/volePSI/RsOpprf.cpp:114
/root/zqz/volepsi/volePSI/RsOpprf.cpp:101
/root/zqz/volepsi/volePSI/RsOpprf.cpp:110
/root/zqz/volepsi/volePSI/RsOpprf.cpp:114
/root/zqz/volepsi/volePSI/RsOpprf.cpp:101
/root/zqz/volepsi/volePSI/RsOpprf.cpp:110
/root/zqz/volepsi/volePSI/RsOpprf.cpp:114
/root/zqz/volepsi/volePSI/RsOpprf.cpp:101
/root/zqz/volepsi/volePSI/RsOpprf.cpp:110
/root/zqz/volepsi/volePSI/RsOpprf.cpp:114
/root/zqz/volepsi/volePSI/RsOpprf.cpp:101
/root/zqz/volepsi/volePSI/RsOpprf.cpp:110
/root/zqz/volepsi/volePSI/RsOpprf.cpp:114
/root/zqz/volepsi/volePSI/RsOpprf.cpp:101
/root/zqz/volepsi/volePSI/RsOpprf.cpp:110
/root/zqz/volepsi/volePSI/RsOpprf.cpp:114
/root/zqz/volepsi/volePSI/RsOpprf.cpp:101
/root/zqz/volepsi/volePSI/RsOpprf.cpp:110
/root/zqz/volepsi/volePSI/RsOpprf.cpp:114
/root/zqz/volepsi/volePSI/RsOpprf.cpp:101
/root/zqz/volepsi/volePSI/RsOpprf.cpp:110
/root/zqz/volepsi/volePSI/RsOpprf.cpp:114
/root/zqz/volepsi/volePSI/RsOpprf.cpp:101
/root/zqz/volepsi/volePSI/RsOpprf.cpp:110
/root/zqz/volepsi/volePSI/RsOpprf.cpp:114
/root/zqz/volepsi/volePSI/RsOpprf.cpp:101
/root/zqz/volepsi/volePSI/RsOpprf.cpp:110
/root/zqz/volepsi/volePSI/RsOpprf.cpp:114
/root/zqz/volepsi/volePSI/RsOpprf.cpp:101
/root/zqz/volepsi/volePSI/RsOpprf.cpp:110
/root/zqz/volepsi/volePSI/RsOpprf.cpp:114
/root/zqz/volepsi/volePSI/RsOpprf.cpp:101
/root/zqz/volepsi/volePSI/RsOpprf.cpp:110
/root/zqz/volepsi/volePSI/RsOpprf.cpp:114
/root/zqz/volepsi/volePSI/RsOpprf.cpp:101
/root/zqz/volepsi/volePSI/RsOpprf.cpp:110
/root/zqz/volepsi/volePSI/RsOpprf.cpp:114
/root/zqz/volepsi/volePSI/RsOpprf.cpp:101
/root/zqz/volepsi/volePSI/RsOpprf.cpp:110
/root/zqz/volepsi/volePSI/RsOpprf.cpp:114
/root/zqz/volepsi/volePSI/RsOpprf.cpp:101
/root/zqz/volepsi/volePSI/RsOpprf.cpp:110
/root/zqz/volepsi/volePSI/RsOpprf.cpp:114
/root/zqz/volepsi/volePSI/RsOpprf.cpp:101
/root/zqz/volepsi/volePSI/RsOpprf.cpp:110
/root/zqz/volepsi/volePSI/RsOpprf.cpp:114
/root/zqz/volepsi/volePSI/RsOpprf.cpp:101
/root/zqz/volepsi/volePSI/RsOpprf.cpp:110
/root/zqz/volepsi/volePSI/RsOpprf.cpp:114
/root/zqz/volepsi/volePSI/RsOpprf.cpp:101
/root/zqz/volepsi/volePSI/RsOpprf.cpp:110
/root/zqz/volepsi/volePSI/RsOpprf.cpp:114
/root/zqz/volepsi/volePSI/RsOpprf.cpp:101
/root/zqz/volepsi/volePSI/RsOpprf.cpp:110
/root/zqz/volepsi/volePSI/RsOpprf.cpp:114
/root/zqz/volepsi/volePSI/RsOpprf.cpp:101
/root/zqz/volepsi/volePSI/RsOpprf.cpp:110
/root/zqz/volepsi/volePSI/RsOpprf.cpp:114
/root/zqz/volepsi/volePSI/RsOpprf.cpp:101
/root/zqz/volepsi/volePSI/RsOpprf.cpp:110
/root/zqz/volepsi/volePSI/RsOpprf.cpp:114
/root/zqz/volepsi/volePSI/RsOpprf.cpp:101
/root/zqz/volepsi/volePSI/RsOpprf.cpp:110
/root/zqz/volepsi/volePSI/RsOpprf.cpp:114
/root/zqz/volepsi/volePSI/RsOpprf.cpp:101
/root/zqz/volepsi/volePSI/RsOpprf.cpp:110
/root/zqz/volepsi/volePSI/RsOpprf.cpp:114
/root/zqz/volepsi/volePSI/RsOpprf.cpp:101
/root/zqz/volepsi/volePSI/RsOpprf.cpp:110
/root/zqz/volepsi/volePSI/RsOpprf.cpp:114
/root/zqz/volepsi/volePSI/RsOpprf.cpp:101
/root/zqz/volepsi/volePSI/RsOpprf.cpp:110
/root/zqz/volepsi/volePSI/RsOpprf.cpp:114
/root/zqz/volepsi/volePSI/RsOpprf.cpp:101
/root/zqz/volepsi/volePSI/RsOpprf.cpp:110
/root/zqz/volepsi/volePSI/RsOpprf.cpp:114
/root/zqz/volepsi/volePSI/RsOpprf.cpp:101
/root/zqz/volepsi/volePSI/RsOpprf.cpp:110
/root/zqz/volepsi/volePSI/RsOpprf.cpp:114
/root/zqz/volepsi/volePSI/RsOpprf.cpp:101
/root/zqz/volepsi/volePSI/RsOpprf.cpp:110
/root/zqz/volepsi/volePSI/RsOpprf.cpp:114
/root/zqz/volepsi/volePSI/RsOpprf.cpp:101
/root/zqz/volepsi/volePSI/RsOpprf.cpp:110
/root/zqz/volepsi/volePSI/RsOpprf.cpp:114
/root/zqz/volepsi/volePSI/RsOpprf.cpp:101
/root/zqz/volepsi/volePSI/RsOpprf.cpp:110
/root/zqz/volepsi/volePSI/RsOpprf.cpp:114
/root/zqz/volepsi/volePSI/RsOpprf.cpp:101
/root/zqz/volepsi/volePSI/RsOpprf.cpp:110
/root/zqz/volepsi/volePSI/RsOpprf.cpp:114
/root/zqz/volepsi/volePSI/RsOpprf.cpp:101
/root/zqz/volepsi/volePSI/RsOpprf.cpp:110
/root/zqz/volepsi/volePSI/RsOpprf.cpp:114
/root/zqz/volepsi/volePSI/RsOpprf.cpp:101
/root/zqz/volepsi/volePSI/RsOpprf.cpp:110
/root/zqz/volepsi/volePSI/RsOpprf.cpp:114
/root/zqz/volepsi/volePSI/RsOpprf.cpp:101
/root/zqz/volepsi/volePSI/RsOpprf.cpp:110
/root/zqz/volepsi/volePSI/RsOpprf.cpp:114
/root/zqz/volepsi/volePSI/RsOpprf.cpp:101
/root/zqz/volepsi/volePSI/RsOpprf.cpp:110
/root/zqz/volepsi/volePSI/RsOpprf.cpp:114
/root/zqz/volepsi/volePSI/RsOpprf.cpp:101
/root/zqz/volepsi/volePSI/RsOpprf.cpp:110
/root/zqz/volepsi/volePSI/RsOpprf.cpp:114
/root/zqz/volepsi/volePSI/RsOpprf.cpp:101
/root/zqz/volepsi/volePSI/RsOpprf.cpp:110
/root/zqz/volepsi/volePSI/RsOpprf.cpp:114
/root/zqz/volepsi/volePSI/RsOpprf.cpp:101
/root/zqz/volepsi/volePSI/RsOpprf.cpp:110
/root/zqz/volepsi/volePSI/RsOpprf.cpp:114
/root/zqz/volepsi/volePSI/RsOpprf.cpp:101
/root/zqz/volepsi/volePSI/RsOpprf.cpp:110
/root/zqz/volepsi/volePSI/RsOpprf.cpp:114
/root/zqz/volepsi/volePSI/RsOpprf.cpp:101
/root/zqz/volepsi/volePSI/RsOpprf.cpp:110
/root/zqz/volepsi/volePSI/RsOpprf.cpp:114
/root/zqz/volepsi/volePSI/RsOpprf.cpp:101
/root/zqz/volepsi/volePSI/RsOpprf.cpp:110
/root/zqz/volepsi/volePSI/RsOpprf.cpp:114
/root/zqz/volepsi/volePSI/RsOpprf.cpp:101
/root/zqz/volepsi/volePSI/RsOpprf.cpp:110
/root/zqz/volepsi/volePSI/RsOpprf.cpp:114
/root/zqz/volepsi/volePSI/RsOpprf.cpp:101
/root/zqz/volepsi/volePSI/RsOpprf.cpp:110
/root/zqz/volepsi/volePSI/RsOpprf.cpp:114
/root/zqz/volepsi/volePSI/RsOpprf.cpp:101
/root/zqz/volepsi/volePSI/RsOpprf.cpp:110
/root/zqz/volepsi/volePSI/RsOpprf.cpp:114
/root/zqz/volepsi/volePSI/RsOpprf.cpp:101
/root/zqz/volepsi/volePSI/RsOpprf.cpp:110
/root/zqz/volepsi/volePSI/RsOpprf.cpp:114
/root/zqz/volepsi/volePSI/RsOpprf.cpp:101
/root/zqz/volepsi/volePSI/RsOpprf.cpp:110
/root/zqz/volepsi/volePSI/RsOpprf.cpp:114
/root/zqz/volepsi/volePSI/RsOpprf.cpp:101
/root/zqz/volepsi/volePSI/RsOpprf.cpp:110
/root/zqz/volepsi/volePSI/RsOpprf.cpp:114
/root/zqz/volepsi/volePSI/RsOpprf.cpp:101
/root/zqz/volepsi/volePSI/RsOpprf.cpp:110
/root/zqz/volepsi/volePSI/RsOpprf.cpp:114
/root/zqz/volepsi/volePSI/RsOpprf.cpp:101
/root/zqz/volepsi/volePSI/RsOpprf.cpp:110
/root/zqz/volepsi/volePSI/RsOpprf.cpp:114
/root/zqz/volepsi/volePSI/RsOpprf.cpp:101
/root/zqz/volepsi/volePSI/RsOpprf.cpp:110
/root/zqz/volepsi/volePSI/RsOpprf.cpp:114
/root/zqz/volepsi/volePSI/RsOpprf.cpp:101
/root/zqz/volepsi/volePSI/RsOpprf.cpp:110
/root/zqz/volepsi/volePSI/RsOpprf.cpp:114
/root/zqz/volepsi/volePSI/RsOpprf.cpp:101
/root/zqz/volepsi/volePSI/RsOpprf.cpp:110
/root/zqz/volepsi/volePSI/RsOpprf.cpp:114
/root/zqz/volepsi/volePSI/RsOpprf.cpp:101
/root/zqz/volepsi/volePSI/RsOpprf.cpp:110
/root/zqz/volepsi/volePSI/RsOpprf.cpp:114
/root/zqz/volepsi/volePSI/RsOpprf.cpp:101
/root/zqz/volepsi/volePSI/RsOpprf.cpp:110
/root/zqz/volepsi/volePSI/RsOpprf.cpp:114
/root/zqz/volepsi/volePSI/RsOpprf.cpp:101
/root/zqz/volepsi/volePSI/RsOpprf.cpp:110
/root/zqz/volepsi/volePSI/RsOpprf.cpp:114
/root/zqz/volepsi/volePSI/RsOpprf.cpp:101
/root/zqz/volepsi/volePSI/RsOpprf.cpp:110
/root/zqz/volepsi/volePSI/RsOpprf.cpp:114
/root/zqz/volepsi/volePSI/RsOpprf.cpp:101
/root/zqz/volepsi/volePSI/RsOpprf.cpp:110
/root/zqz/volepsi/volePSI/RsOpprf.cpp:114
/root/zqz/volepsi/volePSI/RsOpprf.cpp:101
/root/zqz/volepsi/volePSI/RsOpprf.cpp:110
/root/zqz/volepsi/volePSI/RsOpprf.cpp:114
/root/zqz/volepsi/volePSI/RsOpprf.cpp:101
/root/zqz/volepsi/volePSI/RsOpprf.cpp:110
/root/zqz/volepsi/volePSI/RsOpprf.cpp:114
/root/zqz/volepsi/volePSI/RsOpprf.cpp:101
/root/zqz/volepsi/volePSI/RsOpprf.cpp:110
/root/zqz/volepsi/volePSI/RsOpprf.cpp:114
/root/zqz/volepsi/volePSI/RsOpprf.cpp:101
/root/zqz/volepsi/volePSI/RsOpprf.cpp:110
/root/zqz/volepsi/volePSI/RsOpprf.cpp:114
/root/zqz/volepsi/volePSI/RsOpprf.cpp:101
/root/zqz/volepsi/volePSI/RsOpprf.cpp:110
/root/zqz/volepsi/volePSI/RsOpprf.cpp:114
/root/zqz/volepsi/volePSI/RsOpprf.cpp:101
/root/zqz/volepsi/volePSI/RsOpprf.cpp:110
/root/zqz/volepsi/volePSI/RsOpprf.cpp:114
/root/zqz/volepsi/volePSI/RsOpprf.cpp:101
/root/zqz/volepsi/volePSI/RsOpprf.cpp:110
/root/zqz/volepsi/volePSI/RsOpprf.cpp:114
/root/zqz/volepsi/volePSI/RsOpprf.cpp:101
/root/zqz/volepsi/volePSI/RsOpprf.cpp:110
/root/zqz/volepsi/volePSI/RsOpprf.cpp:114
/root/zqz/volepsi/volePSI/RsOpprf.cpp:101
/root/zqz/volepsi/volePSI/RsOpprf.cpp:110
/root/zqz/volepsi/volePSI/RsOpprf.cpp:114
/root/zqz/volepsi/volePSI/RsOpprf.cpp:101
/root/zqz/volepsi/volePSI/RsOpprf.cpp:110
/root/zqz/volepsi/volePSI/RsOpprf.cpp:114
/root/zqz/volepsi/volePSI/RsOpprf.cpp:101
/root/zqz/volepsi/volePSI/RsOpprf.cpp:110
/root/zqz/volepsi/volePSI/RsOpprf.cpp:114
/root/zqz/volepsi/volePSI/RsOpprf.cpp:101
/root/zqz/volepsi/volePSI/RsOpprf.cpp:110
/root/zqz/volepsi/volePSI/RsOpprf.cpp:114
/root/zqz/volepsi/volePSI/RsOpprf.cpp:101
/root/zqz/volepsi/volePSI/RsOpprf.cpp:110
/root/zqz/volepsi/volePSI/RsOpprf.cpp:114
/root/zqz/volepsi/volePSI/RsOpprf.cpp:101
/root/zqz/volepsi/volePSI/RsOpprf.cpp:110
/root/zqz/volepsi/volePSI/RsOpprf.cpp:114
/root/zqz/volepsi/volePSI/RsOpprf.cpp:101
/root/zqz/volepsi/volePSI/RsOpprf.cpp:110
/root/zqz/volepsi/volePSI/RsOpprf.cpp:114
/root/zqz/volepsi/volePSI/RsOpprf.cpp:101
/root/zqz/volepsi/volePSI/RsOpprf.cpp:110
/root/zqz/volepsi/volePSI/RsOpprf.cpp:114
/root/zqz/volepsi/volePSI/RsOpprf.cpp:101
/root/zqz/volepsi/volePSI/RsOpprf.cpp:110
/root/zqz/volepsi/volePSI/RsOpprf.cpp:114
/root/zqz/volepsi/volePSI/RsOpprf.cpp:101
/root/zqz/volepsi/volePSI/RsOpprf.cpp:110
/root/zqz/volepsi/volePSI/RsOpprf.cpp:114
/root/zqz/volepsi/volePSI/RsOpprf.cpp:101
/root/zqz/volepsi/volePSI/RsOpprf.cpp:110
/root/zqz/volepsi/volePSI/RsOpprf.cpp:114
/root/zqz/volepsi/volePSI/RsOpprf.cpp:101
/root/zqz/volepsi/volePSI/RsOpprf.cpp:110
/root/zqz/volepsi/volePSI/RsOpprf.cpp:114
/root/zqz/volepsi/volePSI/RsOpprf.cpp:101
/root/zqz/volepsi/volePSI/RsOpprf.cpp:110
/root/zqz/volepsi/volePSI/RsOpprf.cpp:114
/root/zqz/volepsi/volePSI/RsOpprf.cpp:101
/root/zqz/volepsi/volePSI/RsOpprf.cpp:110
/root/zqz/volepsi/volePSI/RsOpprf.cpp:114
/root/zqz/volepsi/volePSI/RsOpprf.cpp:101
/root/zqz/volepsi/volePSI/RsOpprf.cpp:110
/root/zqz/volepsi/volePSI/RsOpprf.cpp:114
/root/zqz/volepsi/volePSI/RsOpprf.cpp:101
/root/zqz/volepsi/volePSI/RsOpprf.cpp:110
/root/zqz/volepsi/volePSI/RsOpprf.cpp:114
/root/zqz/volepsi/volePSI/RsOpprf.cpp:101
/root/zqz/volepsi/volePSI/RsOpprf.cpp:110
/root/zqz/volepsi/volePSI/RsOpprf.cpp:114
/root/zqz/volepsi/volePSI/RsOpprf.cpp:101
/root/zqz/volepsi/volePSI/RsOpprf.cpp:110
/root/zqz/volepsi/volePSI/RsOpprf.cpp:114
/root/zqz/volepsi/volePSI/RsOpprf.cpp:101
/root/zqz/volepsi/volePSI/RsOpprf.cpp:110
/root/zqz/volepsi/volePSI/RsOpprf.cpp:114
/root/zqz/volepsi/volePSI/RsOpprf.cpp:101
/root/zqz/volepsi/volePSI/RsOpprf.cpp:110
/root/zqz/volepsi/volePSI/RsOpprf.cpp:114
/root/zqz/volepsi/volePSI/RsOpprf.cpp:101
/root/zqz/volepsi/volePSI/RsOpprf.cpp:110
/root/zqz/volepsi/volePSI/RsOpprf.cpp:114
/root/zqz/volepsi/volePSI/RsOpprf.cpp:101
/root/zqz/volepsi/volePSI/RsOpprf.cpp:110
/root/zqz/volepsi/volePSI/RsOpprf.cpp:114
/root/zqz/volepsi/volePSI/RsOpprf.cpp:101
/root/zqz/volepsi/volePSI/RsOpprf.cpp:110
/root/zqz/volepsi/volePSI/RsOpprf.cpp:114
/root/zqz/volepsi/volePSI/RsOpprf.cpp:101
/root/zqz/volepsi/volePSI/RsOpprf.cpp:110
/root/zqz/volepsi/volePSI/RsOpprf.cpp:114
/root/zqz/volepsi/volePSI/RsOpprf.cpp:101
/root/zqz/volepsi/volePSI/RsOpprf.cpp:110
/root/zqz/volepsi/volePSI/RsOpprf.cpp:114
/root/zqz/volepsi/volePSI/RsOpprf.cpp:101
/root/zqz/volepsi/volePSI/RsOpprf.cpp:110
/root/zqz/volepsi/volePSI/RsOpprf.cpp:114
/root/zqz/volepsi/volePSI/RsOpprf.cpp:101
/root/zqz/volepsi/volePSI/RsOpprf.cpp:110
/root/zqz/volepsi/volePSI/RsOpprf.cpp:114
/root/zqz/volepsi/volePSI/RsOpprf.cpp:101
/root/zqz/volepsi/volePSI/RsOpprf.cpp:110
/root/zqz/volepsi/volePSI/RsOpprf.cpp:114
/root/zqz/volepsi/volePSI/RsOpprf.cpp:101
/root/zqz/volepsi/volePSI/RsOpprf.cpp:110
/root/zqz/volepsi/volePSI/RsOpprf.cpp:114
/root/zqz/volepsi/volePSI/RsOpprf.cpp:101
/root/zqz/volepsi/volePSI/RsOpprf.cpp:110
/root/zqz/volepsi/volePSI/RsOpprf.cpp:114
/root/zqz/volepsi/volePSI/RsOpprf.cpp:101
/root/zqz/volepsi/volePSI/RsOpprf.cpp:110
/root/zqz/volepsi/volePSI/RsOpprf.cpp:114
/root/zqz/volepsi/volePSI/RsOpprf.cpp:101
/root/zqz/volepsi/volePSI/RsOpprf.cpp:110
/root/zqz/volepsi/volePSI/RsOpprf.cpp:114
/root/zqz/volepsi/volePSI/RsOpprf.cpp:101
/root/zqz/volepsi/volePSI/RsOpprf.cpp:110
/root/zqz/volepsi/volePSI/RsOpprf.cpp:114
/root/zqz/volepsi/volePSI/RsOpprf.cpp:101
/root/zqz/volepsi/volePSI/RsOpprf.cpp:110
/root/zqz/volepsi/volePSI/RsOpprf.cpp:114
/root/zqz/volepsi/volePSI/RsOpprf.cpp:101
/root/zqz/volepsi/volePSI/RsOpprf.cpp:110
/root/zqz/volepsi/volePSI/RsOpprf.cpp:114
/root/zqz/volepsi/volePSI/RsOpprf.cpp:101
/root/zqz/volepsi/volePSI/RsOpprf.cpp:110
/root/zqz/volepsi/volePSI/RsOpprf.cpp:114
/root/zqz/volepsi/volePSI/RsOpprf.cpp:101
/root/zqz/volepsi/volePSI/RsOpprf.cpp:110
/root/zqz/volepsi/volePSI/RsOpprf.cpp:114
/root/zqz/volepsi/volePSI/RsOpprf.cpp:101
/root/zqz/volepsi/volePSI/RsOpprf.cpp:110
/root/zqz/volepsi/volePSI/RsOpprf.cpp:114
/root/zqz/volepsi/volePSI/RsOpprf.cpp:101
/root/zqz/volepsi/volePSI/RsOpprf.cpp:110
/root/zqz/volepsi/volePSI/RsOpprf.cpp:114
/root/zqz/volepsi/volePSI/RsOpprf.cpp:101
/root/zqz/volepsi/volePSI/RsOpprf.cpp:110
/root/zqz/volepsi/volePSI/RsOpprf.cpp:114
/root/zqz/volepsi/volePSI/RsOpprf.cpp:101
/root/zqz/volepsi/volePSI/RsOpprf.cpp:110
/root/zqz/volepsi/volePSI/RsOpprf.cpp:114
/root/zqz/volepsi/volePSI/RsOpprf.cpp:101
/root/zqz/volepsi/volePSI/RsOpprf.cpp:110
/root/zqz/volepsi/volePSI/RsOpprf.cpp:114
/root/zqz/volepsi/volePSI/RsOpprf.cpp:101
/root/zqz/volepsi/volePSI/RsOpprf.cpp:110
/root/zqz/volepsi/volePSI/RsOpprf.cpp:114
/root/zqz/volepsi/volePSI/RsOpprf.cpp:101
/root/zqz/volepsi/volePSI/RsOpprf.cpp:110
/root/zqz/volepsi/volePSI/RsOpprf.cpp:114
/root/zqz/volepsi/volePSI/RsOpprf.cpp:101
/root/zqz/volepsi/volePSI/RsOpprf.cpp:110
/root/zqz/volepsi/volePSI/RsOpprf.cpp:114
/root/zqz/volepsi/volePSI/RsOpprf.cpp:101
/root/zqz/volepsi/volePSI/RsOpprf.cpp:110
/root/zqz/volepsi/volePSI/RsOpprf.cpp:114
/root/zqz/volepsi/volePSI/RsOpprf.cpp:101
/root/zqz/volepsi/volePSI/RsOpprf.cpp:110
/root/zqz/volepsi/volePSI/RsOpprf.cpp:114
/root/zqz/volepsi/volePSI/RsOpprf.cpp:101
/root/zqz/volepsi/volePSI/RsOpprf.cpp:110
/root/zqz/volepsi/volePSI/RsOpprf.cpp:114
/root/zqz/volepsi/volePSI/RsOpprf.cpp:101
/root/zqz/volepsi/volePSI/RsOpprf.cpp:110
/root/zqz/volepsi/volePSI/RsOpprf.cpp:114
/root/zqz/volepsi/volePSI/RsOpprf.cpp:101
/root/zqz/volepsi/volePSI/RsOpprf.cpp:110
/root/zqz/volepsi/volePSI/RsOpprf.cpp:114
/root/zqz/volepsi/volePSI/RsOpprf.cpp:101
/root/zqz/volepsi/volePSI/RsOpprf.cpp:110
/root/zqz/volepsi/volePSI/RsOpprf.cpp:114
/root/zqz/volepsi/volePSI/RsOpprf.cpp:101
/root/zqz/volepsi/volePSI/RsOpprf.cpp:110
/root/zqz/volepsi/volePSI/RsOpprf.cpp:114
/root/zqz/volepsi/volePSI/RsOpprf.cpp:101
/root/zqz/volepsi/volePSI/RsOpprf.cpp:110
/root/zqz/volepsi/volePSI/RsOpprf.cpp:114
/root/zqz/volepsi/volePSI/RsOpprf.cpp:101
/root/zqz/volepsi/volePSI/RsOpprf.cpp:110
/root/zqz/volepsi/volePSI/RsOpprf.cpp:114
/root/zqz/volepsi/volePSI/RsOpprf.cpp:101
/root/zqz/volepsi/volePSI/RsOpprf.cpp:110
/root/zqz/volepsi/volePSI/RsOpprf.cpp:114
/root/zqz/volepsi/volePSI/RsOpprf.cpp:101
/root/zqz/volepsi/volePSI/RsOpprf.cpp:110
/root/zqz/volepsi/volePSI/RsOpprf.cpp:114
/root/zqz/volepsi/volePSI/RsOpprf.cpp:101
/root/zqz/volepsi/volePSI/RsOpprf.cpp:110
/root/zqz/volepsi/volePSI/RsOpprf.cpp:114
/root/zqz/volepsi/volePSI/RsOpprf.cpp:101
/root/zqz/volepsi/volePSI/RsOpprf.cpp:110
/root/zqz/volepsi/volePSI/RsOpprf.cpp:114
/root/zqz/volepsi/volePSI/RsOpprf.cpp:101
/root/zqz/volepsi/volePSI/RsOpprf.cpp:110
/root/zqz/volepsi/volePSI/RsOpprf.cpp:114
/root/zqz/volepsi/volePSI/RsOpprf.cpp:101
/root/zqz/volepsi/volePSI/RsOpprf.cpp:110
/root/zqz/volepsi/volePSI/RsOpprf.cpp:114
/root/zqz/volepsi/volePSI/RsOpprf.cpp:101
/root/zqz/volepsi/volePSI/RsOpprf.cpp:110
/root/zqz/volepsi/volePSI/RsOpprf.cpp:114
/root/zqz/volepsi/volePSI/RsOpprf.cpp:101
/root/zqz/volepsi/volePSI/RsOpprf.cpp:110
/root/zqz/volepsi/volePSI/RsOpprf.cpp:114
/root/zqz/volepsi/volePSI/RsOpprf.cpp:101
/root/zqz/volepsi/volePSI/RsOpprf.cpp:110
/root/zqz/volepsi/volePSI/RsOpprf.cpp:114
/root/zqz/volepsi/volePSI/RsOpprf.cpp:101
/root/zqz/volepsi/volePSI/RsOpprf.cpp:110
/root/zqz/volepsi/volePSI/RsOpprf.cpp:114
/root/zqz/volepsi/volePSI/RsOpprf.cpp:101
/root/zqz/volepsi/volePSI/RsOpprf.cpp:110
/root/zqz/volepsi/volePSI/RsOpprf.cpp:114
/root/zqz/volepsi/volePSI/RsOpprf.cpp:101
/root/zqz/volepsi/volePSI/RsOpprf.cpp:110
/root/zqz/volepsi/volePSI/RsOpprf.cpp:114
/root/zqz/volepsi/volePSI/RsOpprf.cpp:101
/root/zqz/volepsi/volePSI/RsOpprf.cpp:110
/root/zqz/volepsi/volePSI/RsOpprf.cpp:114
/root/zqz/volepsi/volePSI/RsOpprf.cpp:101
/root/zqz/volepsi/volePSI/RsOpprf.cpp:110
/root/zqz/volepsi/volePSI/RsOpprf.cpp:114
/root/zqz/volepsi/volePSI/RsOpprf.cpp:101
/root/zqz/volepsi/volePSI/RsOpprf.cpp:110
/root/zqz/volepsi/volePSI/RsOpprf.cpp:114
/root/zqz/volepsi/volePSI/RsOpprf.cpp:101
/root/zqz/volepsi/volePSI/RsOpprf.cpp:110
/root/zqz/volepsi/volePSI/RsOpprf.cpp:114
/root/zqz/volepsi/volePSI/RsOpprf.cpp:101
/root/zqz/volepsi/volePSI/RsOpprf.cpp:110
/root/zqz/volepsi/volePSI/RsOpprf.cpp:114
/root/zqz/volepsi/volePSI/RsOpprf.cpp:101
/root/zqz/volepsi/volePSI/RsOpprf.cpp:110
/root/zqz/volepsi/volePSI/RsOpprf.cpp:114
/root/zqz/volepsi/volePSI/RsOpprf.cpp:101
/root/zqz/volepsi/volePSI/RsOpprf.cpp:110
/root/zqz/volepsi/volePSI/RsOpprf.cpp:114
/root/zqz/volepsi/volePSI/RsOpprf.cpp:101
/root/zqz/volepsi/volePSI/RsOpprf.cpp:110
/root/zqz/volepsi/volePSI/RsOpprf.cpp:114
/root/zqz/volepsi/volePSI/RsOpprf.cpp:101
/root/zqz/volepsi/volePSI/RsOpprf.cpp:110
/root/zqz/volepsi/volePSI/RsOpprf.cpp:114
/root/zqz/volepsi/volePSI/RsOpprf.cpp:101
/root/zqz/volepsi/volePSI/RsOpprf.cpp:110
/root/zqz/volepsi/volePSI/RsOpprf.cpp:114
/root/zqz/volepsi/volePSI/RsOpprf.cpp:101
/root/zqz/volepsi/volePSI/RsOpprf.cpp:110
/root/zqz/volepsi/volePSI/RsOpprf.cpp:114
/root/zqz/volepsi/volePSI/RsOpprf.cpp:101
/root/zqz/volepsi/volePSI/RsOpprf.cpp:110
/root/zqz/volepsi/volePSI/RsOpprf.cpp:114
/root/zqz/volepsi/volePSI/RsOpprf.cpp:101
/root/zqz/volepsi/volePSI/RsOpprf.cpp:110
/root/zqz/volepsi/volePSI/RsOpprf.cpp:114
/root/zqz/volepsi/volePSI/RsOpprf.cpp:101
/root/zqz/volepsi/volePSI/RsOpprf.cpp:110
/root/zqz/volepsi/volePSI/RsOpprf.cpp:114
/root/zqz/volepsi/volePSI/RsOpprf.cpp:101
/root/zqz/volepsi/volePSI/RsOpprf.cpp:110
/root/zqz/volepsi/volePSI/RsOpprf.cpp:114
/root/zqz/volepsi/volePSI/RsOpprf.cpp:101
/root/zqz/volepsi/volePSI/RsOpprf.cpp:110
/root/zqz/volepsi/volePSI/RsOpprf.cpp:114
/root/zqz/volepsi/volePSI/RsOpprf.cpp:101
/root/zqz/volepsi/volePSI/RsOpprf.cpp:110
/root/zqz/volepsi/volePSI/RsOpprf.cpp:114
/root/zqz/volepsi/volePSI/RsOpprf.cpp:101
/root/zqz/volepsi/volePSI/RsOpprf.cpp:110
/root/zqz/volepsi/volePSI/RsOpprf.cpp:114
/root/zqz/volepsi/volePSI/RsOpprf.cpp:101
/root/zqz/volepsi/volePSI/RsOpprf.cpp:110
/root/zqz/volepsi/volePSI/RsOpprf.cpp:114
/root/zqz/volepsi/volePSI/RsOpprf.cpp:101
/root/zqz/volepsi/volePSI/RsOpprf.cpp:110
/root/zqz/volepsi/volePSI/RsOpprf.cpp:114
/root/zqz/volepsi/volePSI/RsOpprf.cpp:101
/root/zqz/volepsi/volePSI/RsOpprf.cpp:110
/root/zqz/volepsi/volePSI/RsOpprf.cpp:114
/root/zqz/volepsi/volePSI/RsOpprf.cpp:101
/root/zqz/volepsi/volePSI/RsOpprf.cpp:110
/root/zqz/volepsi/volePSI/RsOpprf.cpp:114
/root/zqz/volepsi/volePSI/RsOpprf.cpp:101
/root/zqz/volepsi/volePSI/RsOpprf.cpp:110
/root/zqz/volepsi/volePSI/RsOpprf.cpp:114
/root/zqz/volepsi/volePSI/RsOpprf.cpp:101
/root/zqz/volepsi/volePSI/RsOpprf.cpp:110
/root/zqz/volepsi/volePSI/RsOpprf.cpp:114
/root/zqz/volepsi/volePSI/RsOpprf.cpp:101
/root/zqz/volepsi/volePSI/RsOpprf.cpp:110
/root/zqz/volepsi/volePSI/RsOpprf.cpp:114
/root/zqz/volepsi/volePSI/RsOpprf.cpp:101
/root/zqz/volepsi/volePSI/RsOpprf.cpp:110
/root/zqz/volepsi/volePSI/RsOpprf.cpp:114
/root/zqz/volepsi/volePSI/RsOpprf.cpp:101
/root/zqz/volepsi/volePSI/RsOpprf.cpp:110
/root/zqz/volepsi/volePSI/RsOpprf.cpp:114
/root/zqz/volepsi/volePSI/RsOpprf.cpp:101
/root/zqz/volepsi/volePSI/RsOpprf.cpp:110
/root/zqz/volepsi/volePSI/RsOpprf.cpp:114
/root/zqz/volepsi/volePSI/RsOpprf.cpp:101
/root/zqz/volepsi/volePSI/RsOpprf.cpp:110
/root/zqz/volepsi/volePSI/RsOpprf.cpp:114
/root/zqz/volepsi/volePSI/RsOpprf.cpp:101
/root/zqz/volepsi/volePSI/RsOpprf.cpp:110
/root/zqz/volepsi/volePSI/RsOpprf.cpp:114
/root/zqz/volepsi/volePSI/RsOpprf.cpp:101
/root/zqz/volepsi/volePSI/RsOpprf.cpp:110
/root/zqz/volepsi/volePSI/RsOpprf.cpp:114
/root/zqz/volepsi/volePSI/RsOpprf.cpp:101
/root/zqz/volepsi/volePSI/RsOpprf.cpp:110
/root/zqz/volepsi/volePSI/RsOpprf.cpp:114
/root/zqz/volepsi/volePSI/RsOpprf.cpp:101
/root/zqz/volepsi/volePSI/RsOpprf.cpp:110
/root/zqz/volepsi/volePSI/RsOpprf.cpp:114
/root/zqz/volepsi/volePSI/RsOpprf.cpp:101
/root/zqz/volepsi/volePSI/RsOpprf.cpp:110
/root/zqz/volepsi/volePSI/RsOpprf.cpp:114
/root/zqz/volepsi/volePSI/RsOpprf.cpp:101
/root/zqz/volepsi/volePSI/RsOpprf.cpp:110
/root/zqz/volepsi/volePSI/RsOpprf.cpp:114
/root/zqz/volepsi/volePSI/RsOpprf.cpp:101
/root/zqz/volepsi/volePSI/RsOpprf.cpp:110
/root/zqz/volepsi/volePSI/RsOpprf.cpp:114
/root/zqz/volepsi/volePSI/RsOpprf.cpp:101
/root/zqz/volepsi/volePSI/RsOpprf.cpp:110
/root/zqz/volepsi/volePSI/RsOpprf.cpp:114
/root/zqz/volepsi/volePSI/RsOpprf.cpp:101
/root/zqz/volepsi/volePSI/RsOpprf.cpp:110
/root/zqz/volepsi/volePSI/RsOpprf.cpp:114
/root/zqz/volepsi/volePSI/RsOpprf.cpp:101
/root/zqz/volepsi/volePSI/RsOpprf.cpp:110
/root/zqz/volepsi/volePSI/RsOpprf.cpp:114
/root/zqz/volepsi/volePSI/RsOpprf.cpp:101
/root/zqz/volepsi/volePSI/RsOpprf.cpp:110
/root/zqz/volepsi/volePSI/RsOpprf.cpp:114
/root/zqz/volepsi/volePSI/RsOpprf.cpp:101
/root/zqz/volepsi/volePSI/RsOpprf.cpp:110
/root/zqz/volepsi/volePSI/RsOpprf.cpp:114
/root/zqz/volepsi/volePSI/RsOpprf.cpp:101
/root/zqz/volepsi/volePSI/RsOpprf.cpp:110
/root/zqz/volepsi/volePSI/RsOpprf.cpp:114
/root/zqz/volepsi/volePSI/RsOpprf.cpp:101
/root/zqz/volepsi/volePSI/RsOpprf.cpp:110
/root/zqz/volepsi/volePSI/RsOpprf.cpp:114
/root/zqz/volepsi/volePSI/RsOpprf.cpp:101
/root/zqz/volepsi/volePSI/RsOpprf.cpp:110
/root/zqz/volepsi/volePSI/RsOpprf.cpp:114
/root/zqz/volepsi/volePSI/RsOpprf.cpp:101
/root/zqz/volepsi/volePSI/RsOpprf.cpp:110
/root/zqz/volepsi/volePSI/RsOpprf.cpp:114
/root/zqz/volepsi/volePSI/RsOpprf.cpp:101
/root/zqz/volepsi/volePSI/RsOpprf.cpp:110
/root/zqz/volepsi/volePSI/RsOpprf.cpp:114
/root/zqz/volepsi/volePSI/RsOpprf.cpp:101
/root/zqz/volepsi/volePSI/RsOpprf.cpp:110
/root/zqz/volepsi/volePSI/RsOpprf.cpp:114
/root/zqz/volepsi/volePSI/RsOpprf.cpp:101
/root/zqz/volepsi/volePSI/RsOpprf.cpp:110
/root/zqz/volepsi/volePSI/RsOpprf.cpp:114
/root/zqz/volepsi/volePSI/RsOpprf.cpp:101
/root/zqz/volepsi/volePSI/RsOpprf.cpp:110
/root/zqz/volepsi/volePSI/RsOpprf.cpp:114
/root/zqz/volepsi/volePSI/RsOpprf.cpp:101
/root/zqz/volepsi/volePSI/RsOpprf.cpp:110
/root/zqz/volepsi/volePSI/RsOpprf.cpp:114
/root/zqz/volepsi/volePSI/RsOpprf.cpp:101
/root/zqz/volepsi/volePSI/RsOpprf.cpp:110
/root/zqz/volepsi/volePSI/RsOpprf.cpp:114
/root/zqz/volepsi/volePSI/RsOpprf.cpp:101
/root/zqz/volepsi/volePSI/RsOpprf.cpp:110
/root/zqz/volepsi/volePSI/RsOpprf.cpp:114
/root/zqz/volepsi/volePSI/RsOpprf.cpp:101
/root/zqz/volepsi/volePSI/RsOpprf.cpp:110
/root/zqz/volepsi/volePSI/RsOpprf.cpp:114
/root/zqz/volepsi/volePSI/RsOpprf.cpp:101
/root/zqz/volepsi/volePSI/RsOpprf.cpp:110
/root/zqz/volepsi/volePSI/RsOpprf.cpp:114
/root/zqz/volepsi/volePSI/RsOpprf.cpp:101
/root/zqz/volepsi/volePSI/RsOpprf.cpp:110
/root/zqz/volepsi/volePSI/RsOpprf.cpp:114
/root/zqz/volepsi/volePSI/RsOpprf.cpp:101
/root/zqz/volepsi/volePSI/RsOpprf.cpp:110
/root/zqz/volepsi/volePSI/RsOpprf.cpp:114
/root/zqz/volepsi/volePSI/RsOpprf.cpp:101
/root/zqz/volepsi/volePSI/RsOpprf.cpp:110
/root/zqz/volepsi/volePSI/RsOpprf.cpp:114
/root/zqz/volepsi/volePSI/RsOpprf.cpp:101
/root/zqz/volepsi/volePSI/RsOpprf.cpp:110
/root/zqz/volepsi/volePSI/RsOpprf.cpp:114
/root/zqz/volepsi/volePSI/RsOpprf.cpp:101
/root/zqz/volepsi/volePSI/RsOpprf.cpp:110
/root/zqz/volepsi/volePSI/RsOpprf.cpp:114
/root/zqz/volepsi/volePSI/RsOpprf.cpp:101
/root/zqz/volepsi/volePSI/RsOpprf.cpp:110
/root/zqz/volepsi/volePSI/RsOpprf.cpp:114
/root/zqz/volepsi/volePSI/RsOpprf.cpp:101
/root/zqz/volepsi/volePSI/RsOpprf.cpp:110
/root/zqz/volepsi/volePSI/RsOpprf.cpp:114
/root/zqz/volepsi/volePSI/RsOpprf.cpp:101
/root/zqz/volepsi/volePSI/RsOpprf.cpp:110
/root/zqz/volepsi/volePSI/RsOpprf.cpp:114
/root/zqz/volepsi/volePSI/RsOpprf.cpp:101
/root/zqz/volepsi/volePSI/RsOpprf.cpp:110
/root/zqz/volepsi/volePSI/RsOpprf.cpp:114
/root/zqz/volepsi/volePSI/RsOpprf.cpp:101
/root/zqz/volepsi/volePSI/RsOpprf.cpp:110
/root/zqz/volepsi/volePSI/RsOpprf.cpp:114
/root/zqz/volepsi/volePSI/RsOpprf.cpp:101
/root/zqz/volepsi/volePSI/RsOpprf.cpp:110
/root/zqz/volepsi/volePSI/RsOpprf.cpp:114
/root/zqz/volepsi/volePSI/RsOpprf.cpp:101
/root/zqz/volepsi/volePSI/RsOpprf.cpp:110
/root/zqz/volepsi/volePSI/RsOpprf.cpp:114
/root/zqz/volepsi/volePSI/RsOpprf.cpp:101
/root/zqz/volepsi/volePSI/RsOpprf.cpp:110
/root/zqz/volepsi/volePSI/RsOpprf.cpp:114
/root/zqz/volepsi/volePSI/RsOpprf.cpp:101
/root/zqz/volepsi/volePSI/RsOpprf.cpp:110
/root/zqz/volepsi/volePSI/RsOpprf.cpp:114
/root/zqz/volepsi/volePSI/RsOpprf.cpp:101
/root/zqz/volepsi/volePSI/RsOpprf.cpp:110
/root/zqz/volepsi/volePSI/RsOpprf.cpp:114
/root/zqz/volepsi/volePSI/RsOpprf.cpp:101
/root/zqz/volepsi/volePSI/RsOpprf.cpp:110
/root/zqz/volepsi/volePSI/RsOpprf.cpp:114
/root/zqz/volepsi/volePSI/RsOpprf.cpp:101
/root/zqz/volepsi/volePSI/RsOpprf.cpp:110
/root/zqz/volepsi/volePSI/RsOpprf.cpp:114
/root/zqz/volepsi/volePSI/RsOpprf.cpp:101
/root/zqz/volepsi/volePSI/RsOpprf.cpp:110
/root/zqz/volepsi/volePSI/RsOpprf.cpp:114
/root/zqz/volepsi/volePSI/RsOpprf.cpp:101
/root/zqz/volepsi/volePSI/RsOpprf.cpp:110
/root/zqz/volepsi/volePSI/RsOpprf.cpp:114
/root/zqz/volepsi/volePSI/RsOpprf.cpp:101
/root/zqz/volepsi/volePSI/RsOpprf.cpp:110
/root/zqz/volepsi/volePSI/RsOpprf.cpp:114
/root/zqz/volepsi/volePSI/RsOpprf.cpp:101
/root/zqz/volepsi/volePSI/RsOpprf.cpp:110
/root/zqz/volepsi/volePSI/RsOpprf.cpp:114
/root/zqz/volepsi/volePSI/RsOpprf.cpp:101
/root/zqz/volepsi/volePSI/RsOpprf.cpp:110
/root/zqz/volepsi/volePSI/RsOpprf.cpp:114
/root/zqz/volepsi/volePSI/RsOpprf.cpp:101
/root/zqz/volepsi/volePSI/RsOpprf.cpp:110
/root/zqz/volepsi/volePSI/RsOpprf.cpp:114
/root/zqz/volepsi/volePSI/RsOpprf.cpp:101
/root/zqz/volepsi/volePSI/RsOpprf.cpp:110
/root/zqz/volepsi/volePSI/RsOpprf.cpp:114
/root/zqz/volepsi/volePSI/RsOpprf.cpp:101
/root/zqz/volepsi/volePSI/RsOpprf.cpp:110
/root/zqz/volepsi/volePSI/RsOpprf.cpp:114
/root/zqz/volepsi/volePSI/RsOpprf.cpp:101
/root/zqz/volepsi/volePSI/RsOpprf.cpp:110
/root/zqz/volepsi/volePSI/RsOpprf.cpp:114
/root/zqz/volepsi/volePSI/RsOpprf.cpp:101
/root/zqz/volepsi/volePSI/RsOpprf.cpp:110
/root/zqz/volepsi/volePSI/RsOpprf.cpp:114
/root/zqz/volepsi/volePSI/RsOpprf.cpp:101
/root/zqz/volepsi/volePSI/RsOpprf.cpp:110
/root/zqz/volepsi/volePSI/RsOpprf.cpp:114
/root/zqz/volepsi/volePSI/RsOpprf.cpp:101
/root/zqz/volepsi/volePSI/RsOpprf.cpp:110
/root/zqz/volepsi/volePSI/RsOpprf.cpp:114
/root/zqz/volepsi/volePSI/RsOpprf.cpp:116
/root/zqz/volepsi/volePSI/RsOpprf.cpp:367
/root/zqz/volepsi/volePSI/RsCpsi.cpp:130
/root/zqz/volepsi/volePSI/RsOpprf.cpp:223
/root/zqz/volepsi/volePSI/RsOpprf.cpp:213
/root/zqz/volepsi/volePSI/RsOpprf.cpp:223
/root/zqz/volepsi/volePSI/RsOpprf.cpp:213
/root/zqz/volepsi/volePSI/RsOpprf.cpp:223
/root/zqz/volepsi/volePSI/RsOpprf.cpp:213
/root/zqz/volepsi/volePSI/RsOpprf.cpp:223
/root/zqz/volepsi/volePSI/RsOpprf.cpp:213
/root/zqz/volepsi/volePSI/RsOpprf.cpp:223
/root/zqz/volepsi/volePSI/RsOpprf.cpp:213
/root/zqz/volepsi/volePSI/RsOpprf.cpp:223
/root/zqz/volepsi/volePSI/RsOpprf.cpp:213
/root/zqz/volepsi/volePSI/RsOpprf.cpp:223
/root/zqz/volepsi/volePSI/RsOpprf.cpp:213
/root/zqz/volepsi/volePSI/RsOpprf.cpp:223
/root/zqz/volepsi/volePSI/RsOpprf.cpp:213
/root/zqz/volepsi/volePSI/RsOpprf.cpp:223
/root/zqz/volepsi/volePSI/RsOpprf.cpp:213
/root/zqz/volepsi/volePSI/RsOpprf.cpp:223
/root/zqz/volepsi/volePSI/RsOpprf.cpp:213
/root/zqz/volepsi/volePSI/RsOpprf.cpp:223
/root/zqz/volepsi/volePSI/RsOpprf.cpp:213
/root/zqz/volepsi/volePSI/RsOpprf.cpp:223
/root/zqz/volepsi/volePSI/RsOpprf.cpp:213
/root/zqz/volepsi/volePSI/RsOpprf.cpp:223
/root/zqz/volepsi/volePSI/RsOpprf.cpp:213
/root/zqz/volepsi/volePSI/RsOpprf.cpp:223
/root/zqz/volepsi/volePSI/RsOpprf.cpp:213
/root/zqz/volepsi/volePSI/RsOpprf.cpp:223
/root/zqz/volepsi/volePSI/RsOpprf.cpp:213
/root/zqz/volepsi/volePSI/RsOpprf.cpp:223
/root/zqz/volepsi/volePSI/RsOpprf.cpp:213
/root/zqz/volepsi/volePSI/RsOpprf.cpp:223
/root/zqz/volepsi/volePSI/RsOpprf.cpp:213
/root/zqz/volepsi/volePSI/RsOpprf.cpp:223
/root/zqz/volepsi/volePSI/RsOpprf.cpp:213
/root/zqz/volepsi/volePSI/RsOpprf.cpp:223
/root/zqz/volepsi/volePSI/RsOpprf.cpp:213
/root/zqz/volepsi/volePSI/RsOpprf.cpp:223
/root/zqz/volepsi/volePSI/RsOpprf.cpp:213
/root/zqz/volepsi/volePSI/RsOpprf.cpp:223
/root/zqz/volepsi/volePSI/RsOpprf.cpp:213
/root/zqz/volepsi/volePSI/RsOpprf.cpp:223
/root/zqz/volepsi/volePSI/RsOpprf.cpp:213
/root/zqz/volepsi/volePSI/RsOpprf.cpp:223
/root/zqz/volepsi/volePSI/RsOpprf.cpp:213
/root/zqz/volepsi/volePSI/RsOpprf.cpp:223
/root/zqz/volepsi/volePSI/RsOpprf.cpp:213
/root/zqz/volepsi/volePSI/RsOpprf.cpp:223
/root/zqz/volepsi/volePSI/RsOpprf.cpp:213
/root/zqz/volepsi/volePSI/RsOpprf.cpp:223
/root/zqz/volepsi/volePSI/RsOpprf.cpp:213
/root/zqz/volepsi/volePSI/RsOpprf.cpp:223
/root/zqz/volepsi/volePSI/RsOpprf.cpp:213
/root/zqz/volepsi/volePSI/RsOpprf.cpp:223
/root/zqz/volepsi/volePSI/RsOpprf.cpp:213
/root/zqz/volepsi/volePSI/RsOpprf.cpp:223
/root/zqz/volepsi/volePSI/RsOpprf.cpp:213
/root/zqz/volepsi/volePSI/RsOpprf.cpp:223
/root/zqz/volepsi/volePSI/RsOpprf.cpp:213
/root/zqz/volepsi/volePSI/RsOpprf.cpp:223
/root/zqz/volepsi/volePSI/RsOpprf.cpp:213
/root/zqz/volepsi/volePSI/RsOpprf.cpp:223
/root/zqz/volepsi/volePSI/RsOpprf.cpp:213
/root/zqz/volepsi/volePSI/RsOpprf.cpp:223
/root/zqz/volepsi/volePSI/RsOpprf.cpp:213
/root/zqz/volepsi/volePSI/RsOpprf.cpp:223
/root/zqz/volepsi/volePSI/RsOpprf.cpp:213
/root/zqz/volepsi/volePSI/RsOpprf.cpp:223
/root/zqz/volepsi/volePSI/RsOpprf.cpp:213
/root/zqz/volepsi/volePSI/RsOpprf.cpp:223
/root/zqz/volepsi/volePSI/RsOpprf.cpp:213
/root/zqz/volepsi/volePSI/RsOpprf.cpp:223
/root/zqz/volepsi/volePSI/RsOpprf.cpp:213
/root/zqz/volepsi/volePSI/RsOpprf.cpp:223
/root/zqz/volepsi/volePSI/RsOpprf.cpp:213
/root/zqz/volepsi/volePSI/RsOpprf.cpp:223
/root/zqz/volepsi/volePSI/RsOpprf.cpp:213
/root/zqz/volepsi/volePSI/RsOpprf.cpp:223
/root/zqz/volepsi/volePSI/RsOpprf.cpp:213
/root/zqz/volepsi/volePSI/RsOpprf.cpp:223
/root/zqz/volepsi/volePSI/RsOpprf.cpp:213
/root/zqz/volepsi/volePSI/RsOpprf.cpp:223
/root/zqz/volepsi/volePSI/RsOpprf.cpp:213
/root/zqz/volepsi/volePSI/RsOpprf.cpp:223
/root/zqz/volepsi/volePSI/RsOpprf.cpp:213
/root/zqz/volepsi/volePSI/RsOpprf.cpp:223
/root/zqz/volepsi/volePSI/RsOpprf.cpp:213
/root/zqz/volepsi/volePSI/RsOpprf.cpp:223
/root/zqz/volepsi/volePSI/RsOpprf.cpp:213
/root/zqz/volepsi/volePSI/RsOpprf.cpp:223
/root/zqz/volepsi/volePSI/RsOpprf.cpp:213
/root/zqz/volepsi/volePSI/RsOpprf.cpp:223
/root/zqz/volepsi/volePSI/RsOpprf.cpp:213
/root/zqz/volepsi/volePSI/RsOpprf.cpp:223
/root/zqz/volepsi/volePSI/RsOpprf.cpp:213
/root/zqz/volepsi/volePSI/RsOpprf.cpp:223
/root/zqz/volepsi/volePSI/RsOpprf.cpp:213
/root/zqz/volepsi/volePSI/RsOpprf.cpp:223
/root/zqz/volepsi/volePSI/RsOpprf.cpp:213
/root/zqz/volepsi/volePSI/RsOpprf.cpp:223
/root/zqz/volepsi/volePSI/RsOpprf.cpp:213
/root/zqz/volepsi/volePSI/RsOpprf.cpp:223
/root/zqz/volepsi/volePSI/RsOpprf.cpp:213
/root/zqz/volepsi/volePSI/RsOpprf.cpp:223
/root/zqz/volepsi/volePSI/RsOpprf.cpp:213
/root/zqz/volepsi/volePSI/RsOpprf.cpp:223
/root/zqz/volepsi/volePSI/RsOpprf.cpp:213
/root/zqz/volepsi/volePSI/RsOpprf.cpp:223
/root/zqz/volepsi/volePSI/RsOpprf.cpp:213
/root/zqz/volepsi/volePSI/RsOpprf.cpp:223
/root/zqz/volepsi/volePSI/RsOpprf.cpp:213
/root/zqz/volepsi/volePSI/RsOpprf.cpp:223
/root/zqz/volepsi/volePSI/RsOpprf.cpp:213
/root/zqz/volepsi/volePSI/RsOpprf.cpp:223
/root/zqz/volepsi/volePSI/RsOpprf.cpp:213
/root/zqz/volepsi/volePSI/RsOpprf.cpp:223
/root/zqz/volepsi/volePSI/RsOpprf.cpp:213
/root/zqz/volepsi/volePSI/RsOpprf.cpp:223
/root/zqz/volepsi/volePSI/RsOpprf.cpp:213
/root/zqz/volepsi/volePSI/RsOpprf.cpp:223
/root/zqz/volepsi/volePSI/RsOpprf.cpp:213
/root/zqz/volepsi/volePSI/RsOpprf.cpp:223
/root/zqz/volepsi/volePSI/RsOpprf.cpp:213
/root/zqz/volepsi/volePSI/RsOpprf.cpp:223
/root/zqz/volepsi/volePSI/RsOpprf.cpp:213
/root/zqz/volepsi/volePSI/RsOpprf.cpp:223
/root/zqz/volepsi/volePSI/RsOpprf.cpp:213
/root/zqz/volepsi/volePSI/RsOpprf.cpp:223
/root/zqz/volepsi/volePSI/RsOpprf.cpp:213
/root/zqz/volepsi/volePSI/RsOpprf.cpp:223
/root/zqz/volepsi/volePSI/RsOpprf.cpp:213
/root/zqz/volepsi/volePSI/RsOpprf.cpp:223
/root/zqz/volepsi/volePSI/RsOpprf.cpp:213
/root/zqz/volepsi/volePSI/RsOpprf.cpp:223
/root/zqz/volepsi/volePSI/RsOpprf.cpp:213
/root/zqz/volepsi/volePSI/RsOpprf.cpp:223
/root/zqz/volepsi/volePSI/RsOpprf.cpp:213
/root/zqz/volepsi/volePSI/RsOpprf.cpp:223
/root/zqz/volepsi/volePSI/RsOpprf.cpp:213
/root/zqz/volepsi/volePSI/RsOpprf.cpp:223
/root/zqz/volepsi/volePSI/RsOpprf.cpp:213
/root/zqz/volepsi/volePSI/RsOpprf.cpp:223
/root/zqz/volepsi/volePSI/RsOpprf.cpp:213
/root/zqz/volepsi/volePSI/RsOpprf.cpp:223
/root/zqz/volepsi/volePSI/RsOpprf.cpp:213
/root/zqz/volepsi/volePSI/RsOpprf.cpp:223
/root/zqz/volepsi/volePSI/RsOpprf.cpp:213
/root/zqz/volepsi/volePSI/RsOpprf.cpp:223
/root/zqz/volepsi/volePSI/RsOpprf.cpp:213
/root/zqz/volepsi/volePSI/RsOpprf.cpp:223
/root/zqz/volepsi/volePSI/RsOpprf.cpp:213
/root/zqz/volepsi/volePSI/RsOpprf.cpp:223
/root/zqz/volepsi/volePSI/RsOpprf.cpp:213
/root/zqz/volepsi/volePSI/RsOpprf.cpp:223
/root/zqz/volepsi/volePSI/RsOpprf.cpp:213
/root/zqz/volepsi/volePSI/RsOpprf.cpp:223
/root/zqz/volepsi/volePSI/RsOpprf.cpp:213
/root/zqz/volepsi/volePSI/RsOpprf.cpp:223
/root/zqz/volepsi/volePSI/RsOpprf.cpp:213
/root/zqz/volepsi/volePSI/RsOpprf.cpp:223
/root/zqz/volepsi/volePSI/RsOpprf.cpp:213
/root/zqz/volepsi/volePSI/RsOpprf.cpp:223
/root/zqz/volepsi/volePSI/RsOpprf.cpp:213
/root/zqz/volepsi/volePSI/RsOpprf.cpp:223
/root/zqz/volepsi/volePSI/RsOpprf.cpp:213
/root/zqz/volepsi/volePSI/RsOpprf.cpp:223
/root/zqz/volepsi/volePSI/RsOpprf.cpp:213
/root/zqz/volepsi/volePSI/RsOpprf.cpp:223
/root/zqz/volepsi/volePSI/RsOpprf.cpp:213
/root/zqz/volepsi/volePSI/RsOpprf.cpp:223
/root/zqz/volepsi/volePSI/RsOpprf.cpp:213
/root/zqz/volepsi/volePSI/RsOpprf.cpp:223
/root/zqz/volepsi/volePSI/RsOpprf.cpp:213
/root/zqz/volepsi/volePSI/RsOpprf.cpp:223
/root/zqz/volepsi/volePSI/RsOpprf.cpp:213
/root/zqz/volepsi/volePSI/RsOpprf.cpp:223
/root/zqz/volepsi/volePSI/RsOpprf.cpp:213
/root/zqz/volepsi/volePSI/RsOpprf.cpp:223
/root/zqz/volepsi/volePSI/RsOpprf.cpp:213
/root/zqz/volepsi/volePSI/RsOpprf.cpp:223
/root/zqz/volepsi/volePSI/RsOpprf.cpp:213
/root/zqz/volepsi/volePSI/RsOpprf.cpp:223
/root/zqz/volepsi/volePSI/RsOpprf.cpp:213
/root/zqz/volepsi/volePSI/RsOpprf.cpp:223
/root/zqz/volepsi/volePSI/RsOpprf.cpp:213
/root/zqz/volepsi/volePSI/RsOpprf.cpp:223
/root/zqz/volepsi/volePSI/RsOpprf.cpp:213
/root/zqz/volepsi/volePSI/RsOpprf.cpp:223
/root/zqz/volepsi/volePSI/RsOpprf.cpp:213
/root/zqz/volepsi/volePSI/RsOpprf.cpp:223
/root/zqz/volepsi/volePSI/RsOpprf.cpp:213
/root/zqz/volepsi/volePSI/RsOpprf.cpp:223
/root/zqz/volepsi/volePSI/RsOpprf.cpp:213
/root/zqz/volepsi/volePSI/RsOpprf.cpp:223
/root/zqz/volepsi/volePSI/RsOpprf.cpp:213
/root/zqz/volepsi/volePSI/RsOpprf.cpp:223
/root/zqz/volepsi/volePSI/RsOpprf.cpp:213
/root/zqz/volepsi/volePSI/RsOpprf.cpp:223
/root/zqz/volepsi/volePSI/RsOpprf.cpp:213
/root/zqz/volepsi/volePSI/RsOpprf.cpp:223
/root/zqz/volepsi/volePSI/RsOpprf.cpp:213
/root/zqz/volepsi/volePSI/RsOpprf.cpp:223
/root/zqz/volepsi/volePSI/RsOpprf.cpp:213
/root/zqz/volepsi/volePSI/RsOpprf.cpp:223
/root/zqz/volepsi/volePSI/RsOpprf.cpp:213
/root/zqz/volepsi/volePSI/RsOpprf.cpp:223
/root/zqz/volepsi/volePSI/RsOpprf.cpp:213
/root/zqz/volepsi/volePSI/RsOpprf.cpp:223
/root/zqz/volepsi/volePSI/RsOpprf.cpp:213
/root/zqz/volepsi/volePSI/RsOpprf.cpp:223
/root/zqz/volepsi/volePSI/RsOpprf.cpp:213
/root/zqz/volepsi/volePSI/RsOpprf.cpp:223
/root/zqz/volepsi/volePSI/RsOpprf.cpp:213
/root/zqz/volepsi/volePSI/RsOpprf.cpp:223
/root/zqz/volepsi/volePSI/RsOpprf.cpp:213
/root/zqz/volepsi/volePSI/RsOpprf.cpp:223
/root/zqz/volepsi/volePSI/RsOpprf.cpp:213
/root/zqz/volepsi/volePSI/RsOpprf.cpp:223
/root/zqz/volepsi/volePSI/RsOpprf.cpp:213
/root/zqz/volepsi/volePSI/RsOpprf.cpp:223
/root/zqz/volepsi/volePSI/RsOpprf.cpp:213
/root/zqz/volepsi/volePSI/RsOpprf.cpp:223
/root/zqz/volepsi/volePSI/RsOpprf.cpp:213
/root/zqz/volepsi/volePSI/RsOpprf.cpp:223
/root/zqz/volepsi/volePSI/RsOpprf.cpp:213
/root/zqz/volepsi/volePSI/RsOpprf.cpp:223
/root/zqz/volepsi/volePSI/RsOpprf.cpp:213
/root/zqz/volepsi/volePSI/RsOpprf.cpp:223
/root/zqz/volepsi/volePSI/RsOpprf.cpp:213
/root/zqz/volepsi/volePSI/RsOpprf.cpp:223
/root/zqz/volepsi/volePSI/RsOpprf.cpp:213
/root/zqz/volepsi/volePSI/RsOpprf.cpp:223
/root/zqz/volepsi/volePSI/RsOpprf.cpp:213
/root/zqz/volepsi/volePSI/RsOpprf.cpp:223
/root/zqz/volepsi/volePSI/RsOpprf.cpp:213
/root/zqz/volepsi/volePSI/RsOpprf.cpp:223
/root/zqz/volepsi/volePSI/RsOpprf.cpp:213
/root/zqz/volepsi/volePSI/RsOpprf.cpp:223
/root/zqz/volepsi/volePSI/RsOpprf.cpp:213
/root/zqz/volepsi/volePSI/RsOpprf.cpp:223
/root/zqz/volepsi/volePSI/RsOpprf.cpp:213
/root/zqz/volepsi/volePSI/RsOpprf.cpp:223
/root/zqz/volepsi/volePSI/RsOpprf.cpp:213
/root/zqz/volepsi/volePSI/RsOpprf.cpp:223
/root/zqz/volepsi/volePSI/RsOpprf.cpp:213
/root/zqz/volepsi/volePSI/RsOpprf.cpp:223
/root/zqz/volepsi/volePSI/RsOpprf.cpp:213
/root/zqz/volepsi/volePSI/RsOpprf.cpp:223
/root/zqz/volepsi/volePSI/RsOpprf.cpp:213
/root/zqz/volepsi/volePSI/RsOpprf.cpp:223
/root/zqz/volepsi/volePSI/RsOpprf.cpp:213
/root/zqz/volepsi/volePSI/RsOpprf.cpp:223
/root/zqz/volepsi/volePSI/RsOpprf.cpp:213
/root/zqz/volepsi/volePSI/RsOpprf.cpp:223
/root/zqz/volepsi/volePSI/RsOpprf.cpp:213
/root/zqz/volepsi/volePSI/RsOpprf.cpp:223
/root/zqz/volepsi/volePSI/RsOpprf.cpp:213
/root/zqz/volepsi/volePSI/RsOpprf.cpp:223
/root/zqz/volepsi/volePSI/RsOpprf.cpp:213
/root/zqz/volepsi/volePSI/RsOpprf.cpp:223
/root/zqz/volepsi/volePSI/RsOpprf.cpp:213
/root/zqz/volepsi/volePSI/RsOpprf.cpp:223
/root/zqz/volepsi/volePSI/RsOpprf.cpp:213
/root/zqz/volepsi/volePSI/RsOpprf.cpp:223
/root/zqz/volepsi/volePSI/RsOpprf.cpp:213
/root/zqz/volepsi/volePSI/RsOpprf.cpp:223
/root/zqz/volepsi/volePSI/RsOpprf.cpp:213
/root/zqz/volepsi/volePSI/RsOpprf.cpp:223
/root/zqz/volepsi/volePSI/RsOpprf.cpp:213
/root/zqz/volepsi/volePSI/RsOpprf.cpp:223
/root/zqz/volepsi/volePSI/RsOpprf.cpp:213
/root/zqz/volepsi/volePSI/RsOpprf.cpp:223
/root/zqz/volepsi/volePSI/RsOpprf.cpp:213
/root/zqz/volepsi/volePSI/RsOpprf.cpp:223
/root/zqz/volepsi/volePSI/RsOpprf.cpp:213
/root/zqz/volepsi/volePSI/RsOpprf.cpp:223
/root/zqz/volepsi/volePSI/RsOpprf.cpp:213
/root/zqz/volepsi/volePSI/RsOpprf.cpp:223
/root/zqz/volepsi/volePSI/RsOpprf.cpp:213
/root/zqz/volepsi/volePSI/RsOpprf.cpp:223
/root/zqz/volepsi/volePSI/RsOpprf.cpp:213
/root/zqz/volepsi/volePSI/RsOpprf.cpp:223
/root/zqz/volepsi/volePSI/RsOpprf.cpp:213
/root/zqz/volepsi/volePSI/RsOpprf.cpp:223
/root/zqz/volepsi/volePSI/RsOpprf.cpp:213
/root/zqz/volepsi/volePSI/RsOpprf.cpp:223
/root/zqz/volepsi/volePSI/RsOpprf.cpp:213
/root/zqz/volepsi/volePSI/RsOpprf.cpp:223
/root/zqz/volepsi/volePSI/RsOpprf.cpp:213
/root/zqz/volepsi/volePSI/RsOpprf.cpp:223
/root/zqz/volepsi/volePSI/RsOpprf.cpp:213
/root/zqz/volepsi/volePSI/RsOpprf.cpp:223
/root/zqz/volepsi/volePSI/RsOpprf.cpp:213
/root/zqz/volepsi/volePSI/RsOpprf.cpp:223
/root/zqz/volepsi/volePSI/RsOpprf.cpp:213
/root/zqz/volepsi/volePSI/RsOpprf.cpp:223
/root/zqz/volepsi/volePSI/RsOpprf.cpp:213
/root/zqz/volepsi/volePSI/RsOpprf.cpp:223
/root/zqz/volepsi/volePSI/RsOpprf.cpp:213
/root/zqz/volepsi/volePSI/RsOpprf.cpp:223
/root/zqz/volepsi/volePSI/RsOpprf.cpp:213
/root/zqz/volepsi/volePSI/RsOpprf.cpp:223
/root/zqz/volepsi/volePSI/RsOpprf.cpp:213
/root/zqz/volepsi/volePSI/RsOpprf.cpp:223
/root/zqz/volepsi/volePSI/RsOpprf.cpp:213
/root/zqz/volepsi/volePSI/RsOpprf.cpp:223
/root/zqz/volepsi/volePSI/RsOpprf.cpp:213
/root/zqz/volepsi/volePSI/RsOpprf.cpp:223
/root/zqz/volepsi/volePSI/RsOpprf.cpp:213
/root/zqz/volepsi/volePSI/RsOpprf.cpp:223
/root/zqz/volepsi/volePSI/RsOpprf.cpp:213
/root/zqz/volepsi/volePSI/RsOpprf.cpp:223
/root/zqz/volepsi/volePSI/RsOpprf.cpp:213
/root/zqz/volepsi/volePSI/RsOpprf.cpp:223
/root/zqz/volepsi/volePSI/RsOpprf.cpp:213
/root/zqz/volepsi/volePSI/RsOpprf.cpp:223
/root/zqz/volepsi/volePSI/RsOpprf.cpp:213
/root/zqz/volepsi/volePSI/RsOpprf.cpp:223
/root/zqz/volepsi/volePSI/RsOpprf.cpp:213
/root/zqz/volepsi/volePSI/RsOpprf.cpp:223
/root/zqz/volepsi/volePSI/RsOpprf.cpp:213
/root/zqz/volepsi/volePSI/RsOpprf.cpp:223
/root/zqz/volepsi/volePSI/RsOpprf.cpp:213
/root/zqz/volepsi/volePSI/RsOpprf.cpp:223
/root/zqz/volepsi/volePSI/RsOpprf.cpp:213
/root/zqz/volepsi/volePSI/RsOpprf.cpp:223
/root/zqz/volepsi/volePSI/RsOpprf.cpp:213
/root/zqz/volepsi/volePSI/RsOpprf.cpp:223
/root/zqz/volepsi/volePSI/RsOpprf.cpp:213
/root/zqz/volepsi/volePSI/RsOpprf.cpp:223
/root/zqz/volepsi/volePSI/RsOpprf.cpp:213
/root/zqz/volepsi/volePSI/RsOpprf.cpp:223
/root/zqz/volepsi/volePSI/RsOpprf.cpp:213
/root/zqz/volepsi/volePSI/RsOpprf.cpp:223
/root/zqz/volepsi/volePSI/RsOpprf.cpp:213
/root/zqz/volepsi/volePSI/RsOpprf.cpp:223
/root/zqz/volepsi/volePSI/RsOpprf.cpp:213
/root/zqz/volepsi/volePSI/RsOpprf.cpp:223
/root/zqz/volepsi/volePSI/RsOpprf.cpp:213
/root/zqz/volepsi/volePSI/RsOpprf.cpp:223
/root/zqz/volepsi/volePSI/RsOpprf.cpp:213
/root/zqz/volepsi/volePSI/RsOpprf.cpp:223
/root/zqz/volepsi/volePSI/RsOpprf.cpp:213
/root/zqz/volepsi/volePSI/RsOpprf.cpp:223
/root/zqz/volepsi/volePSI/RsOpprf.cpp:213
/root/zqz/volepsi/volePSI/RsOpprf.cpp:223
/root/zqz/volepsi/volePSI/RsOpprf.cpp:213
/root/zqz/volepsi/volePSI/RsOpprf.cpp:223
/root/zqz/volepsi/volePSI/RsOpprf.cpp:213
/root/zqz/volepsi/volePSI/RsOpprf.cpp:223
/root/zqz/volepsi/volePSI/RsOpprf.cpp:213
/root/zqz/volepsi/volePSI/RsOpprf.cpp:223
/root/zqz/volepsi/volePSI/RsOpprf.cpp:213
/root/zqz/volepsi/volePSI/RsOpprf.cpp:223
/root/zqz/volepsi/volePSI/RsOpprf.cpp:213
/root/zqz/volepsi/volePSI/RsOpprf.cpp:223
/root/zqz/volepsi/volePSI/RsOpprf.cpp:213
/root/zqz/volepsi/volePSI/RsOpprf.cpp:223
/root/zqz/volepsi/volePSI/RsOpprf.cpp:213
/root/zqz/volepsi/volePSI/RsOpprf.cpp:223
/root/zqz/volepsi/volePSI/RsOpprf.cpp:213
/root/zqz/volepsi/volePSI/RsOpprf.cpp:223
/root/zqz/volepsi/volePSI/RsOpprf.cpp:213
/root/zqz/volepsi/volePSI/RsOpprf.cpp:223
/root/zqz/volepsi/volePSI/RsOpprf.cpp:213
/root/zqz/volepsi/volePSI/RsOpprf.cpp:223
/root/zqz/volepsi/volePSI/RsOpprf.cpp:213
/root/zqz/volepsi/volePSI/RsOpprf.cpp:223
/root/zqz/volepsi/volePSI/RsOpprf.cpp:213
/root/zqz/volepsi/volePSI/RsOpprf.cpp:223
/root/zqz/volepsi/volePSI/RsOpprf.cpp:213
/root/zqz/volepsi/volePSI/RsOpprf.cpp:223
/root/zqz/volepsi/volePSI/RsOpprf.cpp:213
/root/zqz/volepsi/volePSI/RsOpprf.cpp:223
/root/zqz/volepsi/volePSI/RsOpprf.cpp:213
/root/zqz/volepsi/volePSI/RsOpprf.cpp:223
/root/zqz/volepsi/volePSI/RsOpprf.cpp:213
/root/zqz/volepsi/volePSI/RsOpprf.cpp:223
/root/zqz/volepsi/volePSI/RsOpprf.cpp:213
/root/zqz/volepsi/volePSI/RsOpprf.cpp:223
/root/zqz/volepsi/volePSI/RsOpprf.cpp:213
/root/zqz/volepsi/volePSI/RsOpprf.cpp:223
/root/zqz/volepsi/volePSI/RsOpprf.cpp:213
/root/zqz/volepsi/volePSI/RsOpprf.cpp:223
/root/zqz/volepsi/volePSI/RsOpprf.cpp:213
/root/zqz/volepsi/volePSI/RsOpprf.cpp:223
/root/zqz/volepsi/volePSI/RsOpprf.cpp:213
/root/zqz/volepsi/volePSI/RsOpprf.cpp:223
/root/zqz/volepsi/volePSI/RsOpprf.cpp:213
/root/zqz/volepsi/volePSI/RsOpprf.cpp:223
/root/zqz/volepsi/volePSI/RsOpprf.cpp:213
/root/zqz/volepsi/volePSI/RsOpprf.cpp:223
/root/zqz/volepsi/volePSI/RsOpprf.cpp:213
/root/zqz/volepsi/volePSI/RsOpprf.cpp:223
/root/zqz/volepsi/volePSI/RsOpprf.cpp:213
/root/zqz/volepsi/volePSI/RsOpprf.cpp:223
/root/zqz/volepsi/volePSI/RsOpprf.cpp:213
/root/zqz/volepsi/volePSI/RsOpprf.cpp:223
/root/zqz/volepsi/volePSI/RsOpprf.cpp:213
/root/zqz/volepsi/volePSI/RsOpprf.cpp:223
/root/zqz/volepsi/volePSI/RsOpprf.cpp:213
/root/zqz/volepsi/volePSI/RsOpprf.cpp:223
/root/zqz/volepsi/volePSI/RsOpprf.cpp:213
/root/zqz/volepsi/volePSI/RsOpprf.cpp:223
/root/zqz/volepsi/volePSI/RsOpprf.cpp:213
/root/zqz/volepsi/volePSI/RsOpprf.cpp:223
/root/zqz/volepsi/volePSI/RsOpprf.cpp:213
/root/zqz/volepsi/volePSI/RsOpprf.cpp:223
/root/zqz/volepsi/volePSI/RsOpprf.cpp:213
/root/zqz/volepsi/volePSI/RsOpprf.cpp:223
/root/zqz/volepsi/volePSI/RsOpprf.cpp:213
/root/zqz/volepsi/volePSI/RsOpprf.cpp:223
/root/zqz/volepsi/volePSI/RsOpprf.cpp:213
/root/zqz/volepsi/volePSI/RsOpprf.cpp:223
/root/zqz/volepsi/volePSI/RsOpprf.cpp:213
/root/zqz/volepsi/volePSI/RsOpprf.cpp:223
/root/zqz/volepsi/volePSI/RsOpprf.cpp:213
/root/zqz/volepsi/volePSI/RsOpprf.cpp:223
/root/zqz/volepsi/volePSI/RsOpprf.cpp:213
/root/zqz/volepsi/volePSI/RsOpprf.cpp:223
/root/zqz/volepsi/volePSI/RsOpprf.cpp:213
/root/zqz/volepsi/volePSI/RsOpprf.cpp:223
/root/zqz/volepsi/volePSI/RsOpprf.cpp:213
/root/zqz/volepsi/volePSI/RsOpprf.cpp:223
/root/zqz/volepsi/volePSI/RsOpprf.cpp:213
/root/zqz/volepsi/volePSI/RsOpprf.cpp:223
/root/zqz/volepsi/volePSI/RsOpprf.cpp:213
/root/zqz/volepsi/volePSI/RsOpprf.cpp:223
/root/zqz/volepsi/volePSI/RsOpprf.cpp:213
/root/zqz/volepsi/volePSI/RsOpprf.cpp:223
/root/zqz/volepsi/volePSI/RsOpprf.cpp:213
/root/zqz/volepsi/volePSI/RsOpprf.cpp:223
/root/zqz/volepsi/volePSI/RsOpprf.cpp:213
/root/zqz/volepsi/volePSI/RsOpprf.cpp:223
/root/zqz/volepsi/volePSI/RsOpprf.cpp:213
/root/zqz/volepsi/volePSI/RsOpprf.cpp:223
/root/zqz/volepsi/volePSI/RsOpprf.cpp:213
/root/zqz/volepsi/volePSI/RsOpprf.cpp:223
/root/zqz/volepsi/volePSI/RsOpprf.cpp:213
/root/zqz/volepsi/volePSI/RsOpprf.cpp:223
/root/zqz/volepsi/volePSI/RsOpprf.cpp:213
/root/zqz/volepsi/volePSI/RsOpprf.cpp:223
/root/zqz/volepsi/volePSI/RsOpprf.cpp:213
/root/zqz/volepsi/volePSI/RsOpprf.cpp:223
/root/zqz/volepsi/volePSI/RsOpprf.cpp:213
/root/zqz/volepsi/volePSI/RsOpprf.cpp:223
/root/zqz/volepsi/volePSI/RsOpprf.cpp:213
/root/zqz/volepsi/volePSI/RsOpprf.cpp:223
/root/zqz/volepsi/volePSI/RsOpprf.cpp:213
/root/zqz/volepsi/volePSI/RsOpprf.cpp:223
/root/zqz/volepsi/volePSI/RsOpprf.cpp:213
/root/zqz/volepsi/volePSI/RsOpprf.cpp:223
/root/zqz/volepsi/volePSI/RsOpprf.cpp:213
/root/zqz/volepsi/volePSI/RsOpprf.cpp:223
/root/zqz/volepsi/volePSI/RsOpprf.cpp:213
/root/zqz/volepsi/volePSI/RsOpprf.cpp:223
/root/zqz/volepsi/volePSI/RsOpprf.cpp:213
/root/zqz/volepsi/volePSI/RsOpprf.cpp:223
/root/zqz/volepsi/volePSI/RsOpprf.cpp:213
/root/zqz/volepsi/volePSI/RsOpprf.cpp:223
/root/zqz/volepsi/volePSI/RsOpprf.cpp:213
/root/zqz/volepsi/volePSI/RsOpprf.cpp:223
/root/zqz/volepsi/volePSI/RsOpprf.cpp:213
/root/zqz/volepsi/volePSI/RsOpprf.cpp:223
/root/zqz/volepsi/volePSI/RsOpprf.cpp:213
/root/zqz/volepsi/volePSI/RsOpprf.cpp:223
/root/zqz/volepsi/volePSI/RsOpprf.cpp:213
/root/zqz/volepsi/volePSI/RsOpprf.cpp:223
/root/zqz/volepsi/volePSI/RsOpprf.cpp:213
/root/zqz/volepsi/volePSI/RsOpprf.cpp:223
/root/zqz/volepsi/volePSI/RsOpprf.cpp:213
/root/zqz/volepsi/volePSI/RsOpprf.cpp:223
/root/zqz/volepsi/volePSI/RsOpprf.cpp:213
/root/zqz/volepsi/volePSI/RsOpprf.cpp:223
/root/zqz/volepsi/volePSI/RsOpprf.cpp:213
/root/zqz/volepsi/volePSI/RsOpprf.cpp:223
/root/zqz/volepsi/paper_exp_volepsi/cpsi_test.cpp:415
recvSet.size()=1024
Data has been written to ./SVHN.out1
mem_usage of party1 = 61029.6MB
party1 send 0.648999MB
party1 receive 60988.2MB
running time of party1 = 9281.03s
Error: Cannot delete qdisc with handle of zero.
Data has been written to ./SVHN.out0
mem_usage of party0 = 223810MB
party0 send 60988.2MB
party0 receive 0.648999MB
running time of party0 = 9286.06s
